[INFO ] 2023-07-04 12:22:39.407 [background-preinit] validator.internal.util.Version - HV000001: Hibernate Validator 6.2.3.Final
[INFO ] 2023-07-04 12:22:39.522 [main] com.conexion.bd.BdApplication - Starting BdApplication using Java 11.0.16.1 on thinkpadL570 with PID 53426 (/home/thinkpad/Documentos/practicas/java/conexionBD/bd/target/classes started by thinkpad in /home/thinkpad/Documentos/practicas/java/conexionBD/bd)
[INFO ] 2023-07-04 12:22:39.575 [main] com.conexion.bd.BdApplication - No active profile set, falling back to 1 default profile: "default"
[INFO ] 2023-07-04 12:22:44.948 [main] data.repository.config.RepositoryConfigurationDelegate - Bootstrapping Spring Data JPA repositories in DEFAULT mode.
[INFO ] 2023-07-04 12:22:45.374 [main] data.repository.config.RepositoryConfigurationDelegate - Finished Spring Data repository scanning in 412 ms. Found 1 JPA repository interfaces.
[INFO ] 2023-07-04 12:22:46.029 [main] cloud.context.scope.GenericScope - BeanFactory id=2dfba3e9-bf90-3f3a-9789-dc4b25e1fe2c
[INFO ] 2023-07-04 12:22:47.594 [main] web.embedded.tomcat.TomcatWebServer - Tomcat initialized with port(s): 8103 (http)
[INFO ] 2023-07-04 12:22:48.204 [main] web.servlet.context.ServletWebServerApplicationContext - Root WebApplicationContext: initialization completed in 8454 ms
[INFO ] 2023-07-04 12:22:48.956 [main] jpa.internal.util.LogHelper - HHH000204: Processing PersistenceUnitInfo [name: default]
[INFO ] 2023-07-04 12:22:49.474 [main] org.hibernate.Version - HHH000412: Hibernate ORM core version 5.6.9.Final
[INFO ] 2023-07-04 12:22:49.971 [main] hibernate.annotations.common.Version - HCANN000001: Hibernate Commons Annotations {5.1.2.Final}
[INFO ] 2023-07-04 12:22:50.498 [main] org.hibernate.dialect.Dialect - HHH000400: Using dialect: org.hibernate.dialect.PostgreSQLDialect
[INFO ] 2023-07-04 12:22:51.310 [main] jta.platform.internal.JtaPlatformInitiator - HHH000490: Using JtaPlatform implementation: [org.hibernate.engine.transaction.jta.platform.internal.NoJtaPlatform]
[INFO ] 2023-07-04 12:22:51.319 [main] springframework.orm.jpa.LocalContainerEntityManagerFactoryBean - Initialized JPA EntityManagerFactory for persistence unit 'default'
[WARN ] 2023-07-04 12:22:52.651 [main] autoconfigure.orm.jpa.JpaBaseConfiguration$JpaWebConfiguration - spring.jpa.open-in-view is enabled by default. Therefore, database queries may be performed during view rendering. Explicitly configure spring.jpa.open-in-view to disable this warning
[INFO ] 2023-07-04 12:22:55.764 [main] netflix.eureka.config.DiscoveryClientOptionalArgsConfiguration - Eureka HTTP Client uses Jersey
[WARN ] 2023-07-04 12:22:56.017 [main] cloud.loadbalancer.config.LoadBalancerCacheAutoConfiguration$LoadBalancerCaffeineWarnLogger - Spring Cloud LoadBalancer is currently working with the default cache. While this cache implementation is useful for development and tests, it's recommended to use Caffeine cache in production.You can switch to using Caffeine cache, by adding it and org.springframework.cache.caffeine.CaffeineCacheManager to the classpath.
[INFO ] 2023-07-04 12:22:56.052 [main] cloud.netflix.eureka.InstanceInfoFactory - Setting initial instance status as: STARTING
[INFO ] 2023-07-04 12:22:58.390 [main] netflix.eureka.serviceregistry.EurekaServiceRegistry - Registering application BD with eureka with status UP
[WARN ] 2023-07-04 12:22:58.457 [main] web.servlet.context.AnnotationConfigServletWebServerApplicationContext - Exception encountered during context initialization - cancelling refresh attempt: org.springframework.context.ApplicationContextException: Failed to start bean 'webServerStartStop'; nested exception is org.springframework.boot.web.server.WebServerException: Unable to start embedded Tomcat server
[INFO ] 2023-07-04 12:22:58.468 [main] springframework.orm.jpa.LocalContainerEntityManagerFactoryBean - Closing JPA EntityManagerFactory for persistence unit 'default'
[INFO ] 2023-07-04 12:22:58.694 [main] boot.autoconfigure.logging.ConditionEvaluationReportLoggingListener - 

Error starting ApplicationContext. To display the conditions report re-run your application with 'debug' enabled.
[ERROR] 2023-07-04 12:22:58.777 [main] org.springframework.boot.SpringApplication - Application run failed
org.springframework.context.ApplicationContextException: Failed to start bean 'webServerStartStop'; nested exception is org.springframework.boot.web.server.WebServerException: Unable to start embedded Tomcat server
	at org.springframework.context.support.DefaultLifecycleProcessor.doStart(DefaultLifecycleProcessor.java:181) ~[spring-context-5.3.21.jar:5.3.21]
	at org.springframework.context.support.DefaultLifecycleProcessor.access$200(DefaultLifecycleProcessor.java:54) ~[spring-context-5.3.21.jar:5.3.21]
	at org.springframework.context.support.DefaultLifecycleProcessor$LifecycleGroup.start(DefaultLifecycleProcessor.java:356) ~[spring-context-5.3.21.jar:5.3.21]
	at java.lang.Iterable.forEach(Iterable.java:75) ~[?:?]
	at org.springframework.context.support.DefaultLifecycleProcessor.startBeans(DefaultLifecycleProcessor.java:155) ~[spring-context-5.3.21.jar:5.3.21]
	at org.springframework.context.support.DefaultLifecycleProcessor.onRefresh(DefaultLifecycleProcessor.java:123) ~[spring-context-5.3.21.jar:5.3.21]
	at org.springframework.context.support.AbstractApplicationContext.finishRefresh(AbstractApplicationContext.java:935) ~[spring-context-5.3.21.jar:5.3.21]
	at org.springframework.context.support.AbstractApplicationContext.refresh(AbstractApplicationContext.java:586) ~[spring-context-5.3.21.jar:5.3.21]
	at org.springframework.boot.web.servlet.context.ServletWebServerApplicationContext.refresh(ServletWebServerApplicationContext.java:147) ~[spring-boot-2.7.1.jar:2.7.1]
	at org.springframework.boot.SpringApplication.refresh(SpringApplication.java:734) ~[spring-boot-2.7.1.jar:2.7.1]
	at org.springframework.boot.SpringApplication.refreshContext(SpringApplication.java:408) ~[spring-boot-2.7.1.jar:2.7.1]
	at org.springframework.boot.SpringApplication.run(SpringApplication.java:308) ~[spring-boot-2.7.1.jar:2.7.1]
	at org.springframework.boot.SpringApplication.run(SpringApplication.java:1306) ~[spring-boot-2.7.1.jar:2.7.1]
	at org.springframework.boot.SpringApplication.run(SpringApplication.java:1295) ~[spring-boot-2.7.1.jar:2.7.1]
	at com.conexion.bd.BdApplication.main(BdApplication.java:10) ~[classes/:?]
Caused by: org.springframework.boot.web.server.WebServerException: Unable to start embedded Tomcat server
	at org.springframework.boot.web.embedded.tomcat.TomcatWebServer.start(TomcatWebServer.java:229) ~[spring-boot-2.7.1.jar:2.7.1]
	at org.springframework.boot.web.servlet.context.WebServerStartStopLifecycle.start(WebServerStartStopLifecycle.java:43) ~[spring-boot-2.7.1.jar:2.7.1]
	at org.springframework.context.support.DefaultLifecycleProcessor.doStart(DefaultLifecycleProcessor.java:178) ~[spring-context-5.3.21.jar:5.3.21]
	... 14 more
Caused by: java.lang.IllegalArgumentException: standardService.connector.startFailed
	at org.apache.catalina.core.StandardService.addConnector(StandardService.java:238) ~[tomcat-embed-core-9.0.64.jar:9.0.64]
	at org.springframework.boot.web.embedded.tomcat.TomcatWebServer.addPreviouslyRemovedConnectors(TomcatWebServer.java:282) ~[spring-boot-2.7.1.jar:2.7.1]
	at org.springframework.boot.web.embedded.tomcat.TomcatWebServer.start(TomcatWebServer.java:213) ~[spring-boot-2.7.1.jar:2.7.1]
	at org.springframework.boot.web.servlet.context.WebServerStartStopLifecycle.start(WebServerStartStopLifecycle.java:43) ~[spring-boot-2.7.1.jar:2.7.1]
	at org.springframework.context.support.DefaultLifecycleProcessor.doStart(DefaultLifecycleProcessor.java:178) ~[spring-context-5.3.21.jar:5.3.21]
	... 14 more
Caused by: org.apache.catalina.LifecycleException: Protocol handler start failed
	at org.apache.catalina.connector.Connector.startInternal(Connector.java:1077) ~[tomcat-embed-core-9.0.64.jar:9.0.64]
	at org.apache.catalina.util.LifecycleBase.start(LifecycleBase.java:183) ~[tomcat-embed-core-9.0.64.jar:9.0.64]
	at org.apache.catalina.core.StandardService.addConnector(StandardService.java:234) ~[tomcat-embed-core-9.0.64.jar:9.0.64]
	at org.springframework.boot.web.embedded.tomcat.TomcatWebServer.addPreviouslyRemovedConnectors(TomcatWebServer.java:282) ~[spring-boot-2.7.1.jar:2.7.1]
	at org.springframework.boot.web.embedded.tomcat.TomcatWebServer.start(TomcatWebServer.java:213) ~[spring-boot-2.7.1.jar:2.7.1]
	at org.springframework.boot.web.servlet.context.WebServerStartStopLifecycle.start(WebServerStartStopLifecycle.java:43) ~[spring-boot-2.7.1.jar:2.7.1]
	at org.springframework.context.support.DefaultLifecycleProcessor.doStart(DefaultLifecycleProcessor.java:178) ~[spring-context-5.3.21.jar:5.3.21]
	... 14 more
Caused by: java.net.BindException: La dirección ya se está usando
	at sun.nio.ch.Net.bind0(Native Method) ~[?:?]
	at sun.nio.ch.Net.bind(Net.java:459) ~[?:?]
	at sun.nio.ch.Net.bind(Net.java:448) ~[?:?]
	at sun.nio.ch.ServerSocketChannelImpl.bind(ServerSocketChannelImpl.java:227) ~[?:?]
	at org.apache.tomcat.util.net.NioEndpoint.initServerSocket(NioEndpoint.java:274) ~[tomcat-embed-core-9.0.64.jar:9.0.64]
	at org.apache.tomcat.util.net.NioEndpoint.bind(NioEndpoint.java:229) ~[tomcat-embed-core-9.0.64.jar:9.0.64]
	at org.apache.tomcat.util.net.AbstractEndpoint.bindWithCleanup(AbstractEndpoint.java:1227) ~[tomcat-embed-core-9.0.64.jar:9.0.64]
	at org.apache.tomcat.util.net.AbstractEndpoint.start(AbstractEndpoint.java:1313) ~[tomcat-embed-core-9.0.64.jar:9.0.64]
	at org.apache.coyote.AbstractProtocol.start(AbstractProtocol.java:614) ~[tomcat-embed-core-9.0.64.jar:9.0.64]
	at org.apache.catalina.connector.Connector.startInternal(Connector.java:1074) ~[tomcat-embed-core-9.0.64.jar:9.0.64]
	at org.apache.catalina.util.LifecycleBase.start(LifecycleBase.java:183) ~[tomcat-embed-core-9.0.64.jar:9.0.64]
	at org.apache.catalina.core.StandardService.addConnector(StandardService.java:234) ~[tomcat-embed-core-9.0.64.jar:9.0.64]
	at org.springframework.boot.web.embedded.tomcat.TomcatWebServer.addPreviouslyRemovedConnectors(TomcatWebServer.java:282) ~[spring-boot-2.7.1.jar:2.7.1]
	at org.springframework.boot.web.embedded.tomcat.TomcatWebServer.start(TomcatWebServer.java:213) ~[spring-boot-2.7.1.jar:2.7.1]
	at org.springframework.boot.web.servlet.context.WebServerStartStopLifecycle.start(WebServerStartStopLifecycle.java:43) ~[spring-boot-2.7.1.jar:2.7.1]
	at org.springframework.context.support.DefaultLifecycleProcessor.doStart(DefaultLifecycleProcessor.java:178) ~[spring-context-5.3.21.jar:5.3.21]
	... 14 more
[INFO ] 2023-07-04 12:24:44.639 [background-preinit] validator.internal.util.Version - HV000001: Hibernate Validator 6.2.3.Final
[INFO ] 2023-07-04 12:24:44.795 [main] com.conexion.bd.BdApplication - Starting BdApplication using Java 11.0.16.1 on thinkpadL570 with PID 54573 (/home/thinkpad/Documentos/practicas/java/conexionBD/bd/target/classes started by thinkpad in /home/thinkpad/Documentos/practicas/java/conexionBD/bd)
[INFO ] 2023-07-04 12:24:44.803 [main] com.conexion.bd.BdApplication - No active profile set, falling back to 1 default profile: "default"
[INFO ] 2023-07-04 12:24:47.705 [main] data.repository.config.RepositoryConfigurationDelegate - Bootstrapping Spring Data JPA repositories in DEFAULT mode.
[INFO ] 2023-07-04 12:24:48.243 [main] data.repository.config.RepositoryConfigurationDelegate - Finished Spring Data repository scanning in 522 ms. Found 1 JPA repository interfaces.
[INFO ] 2023-07-04 12:24:49.059 [main] cloud.context.scope.GenericScope - BeanFactory id=2dfba3e9-bf90-3f3a-9789-dc4b25e1fe2c
[INFO ] 2023-07-04 12:24:50.717 [main] web.embedded.tomcat.TomcatWebServer - Tomcat initialized with port(s): 8103 (http)
[INFO ] 2023-07-04 12:24:51.372 [main] web.servlet.context.ServletWebServerApplicationContext - Root WebApplicationContext: initialization completed in 6489 ms
[INFO ] 2023-07-04 12:24:51.869 [main] jpa.internal.util.LogHelper - HHH000204: Processing PersistenceUnitInfo [name: default]
[INFO ] 2023-07-04 12:24:51.974 [main] org.hibernate.Version - HHH000412: Hibernate ORM core version 5.6.9.Final
[INFO ] 2023-07-04 12:24:52.348 [main] hibernate.annotations.common.Version - HCANN000001: Hibernate Commons Annotations {5.1.2.Final}
[INFO ] 2023-07-04 12:24:52.534 [main] org.hibernate.dialect.Dialect - HHH000400: Using dialect: org.hibernate.dialect.PostgreSQLDialect
[INFO ] 2023-07-04 12:24:53.689 [main] jta.platform.internal.JtaPlatformInitiator - HHH000490: Using JtaPlatform implementation: [org.hibernate.engine.transaction.jta.platform.internal.NoJtaPlatform]
[INFO ] 2023-07-04 12:24:53.717 [main] springframework.orm.jpa.LocalContainerEntityManagerFactoryBean - Initialized JPA EntityManagerFactory for persistence unit 'default'
[WARN ] 2023-07-04 12:24:53.837 [main] web.servlet.context.AnnotationConfigServletWebServerApplicationContext - Exception encountered during context initialization - cancelling refresh attempt: org.springframework.beans.factory.BeanCreationException: Error creating bean with name 'swaggerConfiguration': Injection of autowired dependencies failed; nested exception is java.lang.IllegalArgumentException: Could not resolve placeholder 'api.version' in value "${api.version}"
[INFO ] 2023-07-04 12:24:53.838 [main] springframework.orm.jpa.LocalContainerEntityManagerFactoryBean - Closing JPA EntityManagerFactory for persistence unit 'default'
[INFO ] 2023-07-04 12:24:53.906 [main] boot.autoconfigure.logging.ConditionEvaluationReportLoggingListener - 

Error starting ApplicationContext. To display the conditions report re-run your application with 'debug' enabled.
[ERROR] 2023-07-04 12:24:53.940 [main] org.springframework.boot.SpringApplication - Application run failed
org.springframework.beans.factory.BeanCreationException: Error creating bean with name 'swaggerConfiguration': Injection of autowired dependencies failed; nested exception is java.lang.IllegalArgumentException: Could not resolve placeholder 'api.version' in value "${api.version}"
	at org.springframework.beans.factory.annotation.AutowiredAnnotationBeanPostProcessor.postProcessProperties(AutowiredAnnotationBeanPostProcessor.java:405) ~[spring-beans-5.3.21.jar:5.3.21]
	at org.springframework.beans.factory.support.AbstractAutowireCapableBeanFactory.populateBean(AbstractAutowireCapableBeanFactory.java:1431) ~[spring-beans-5.3.21.jar:5.3.21]
	at org.springframework.beans.factory.support.AbstractAutowireCapableBeanFactory.doCreateBean(AbstractAutowireCapableBeanFactory.java:619) ~[spring-beans-5.3.21.jar:5.3.21]
	at org.springframework.beans.factory.support.AbstractAutowireCapableBeanFactory.createBean(AbstractAutowireCapableBeanFactory.java:542) ~[spring-beans-5.3.21.jar:5.3.21]
	at org.springframework.beans.factory.support.AbstractBeanFactory.lambda$doGetBean$0(AbstractBeanFactory.java:335) ~[spring-beans-5.3.21.jar:5.3.21]
	at org.springframework.beans.factory.support.DefaultSingletonBeanRegistry.getSingleton(DefaultSingletonBeanRegistry.java:234) ~[spring-beans-5.3.21.jar:5.3.21]
	at org.springframework.beans.factory.support.AbstractBeanFactory.doGetBean(AbstractBeanFactory.java:333) ~[spring-beans-5.3.21.jar:5.3.21]
	at org.springframework.beans.factory.support.AbstractBeanFactory.getBean(AbstractBeanFactory.java:208) ~[spring-beans-5.3.21.jar:5.3.21]
	at org.springframework.beans.factory.support.DefaultListableBeanFactory.preInstantiateSingletons(DefaultListableBeanFactory.java:955) ~[spring-beans-5.3.21.jar:5.3.21]
	at org.springframework.context.support.AbstractApplicationContext.finishBeanFactoryInitialization(AbstractApplicationContext.java:918) ~[spring-context-5.3.21.jar:5.3.21]
	at org.springframework.context.support.AbstractApplicationContext.refresh(AbstractApplicationContext.java:583) ~[spring-context-5.3.21.jar:5.3.21]
	at org.springframework.boot.web.servlet.context.ServletWebServerApplicationContext.refresh(ServletWebServerApplicationContext.java:147) ~[spring-boot-2.7.1.jar:2.7.1]
	at org.springframework.boot.SpringApplication.refresh(SpringApplication.java:734) ~[spring-boot-2.7.1.jar:2.7.1]
	at org.springframework.boot.SpringApplication.refreshContext(SpringApplication.java:408) ~[spring-boot-2.7.1.jar:2.7.1]
	at org.springframework.boot.SpringApplication.run(SpringApplication.java:308) ~[spring-boot-2.7.1.jar:2.7.1]
	at org.springframework.boot.SpringApplication.run(SpringApplication.java:1306) ~[spring-boot-2.7.1.jar:2.7.1]
	at org.springframework.boot.SpringApplication.run(SpringApplication.java:1295) ~[spring-boot-2.7.1.jar:2.7.1]
	at com.conexion.bd.BdApplication.main(BdApplication.java:10) ~[classes/:?]
Caused by: java.lang.IllegalArgumentException: Could not resolve placeholder 'api.version' in value "${api.version}"
	at org.springframework.util.PropertyPlaceholderHelper.parseStringValue(PropertyPlaceholderHelper.java:180) ~[spring-core-5.3.21.jar:5.3.21]
	at org.springframework.util.PropertyPlaceholderHelper.replacePlaceholders(PropertyPlaceholderHelper.java:126) ~[spring-core-5.3.21.jar:5.3.21]
	at org.springframework.core.env.AbstractPropertyResolver.doResolvePlaceholders(AbstractPropertyResolver.java:239) ~[spring-core-5.3.21.jar:5.3.21]
	at org.springframework.core.env.AbstractPropertyResolver.resolveRequiredPlaceholders(AbstractPropertyResolver.java:210) ~[spring-core-5.3.21.jar:5.3.21]
	at org.springframework.context.support.PropertySourcesPlaceholderConfigurer.lambda$processProperties$0(PropertySourcesPlaceholderConfigurer.java:191) ~[spring-context-5.3.21.jar:5.3.21]
	at org.springframework.beans.factory.support.AbstractBeanFactory.resolveEmbeddedValue(AbstractBeanFactory.java:936) ~[spring-beans-5.3.21.jar:5.3.21]
	at org.springframework.beans.factory.support.DefaultListableBeanFactory.doResolveDependency(DefaultListableBeanFactory.java:1332) ~[spring-beans-5.3.21.jar:5.3.21]
	at org.springframework.beans.factory.support.DefaultListableBeanFactory.resolveDependency(DefaultListableBeanFactory.java:1311) ~[spring-beans-5.3.21.jar:5.3.21]
	at org.springframework.beans.factory.annotation.AutowiredAnnotationBeanPostProcessor$AutowiredFieldElement.resolveFieldValue(AutowiredAnnotationBeanPostProcessor.java:656) ~[spring-beans-5.3.21.jar:5.3.21]
	at org.springframework.beans.factory.annotation.AutowiredAnnotationBeanPostProcessor$AutowiredFieldElement.inject(AutowiredAnnotationBeanPostProcessor.java:639) ~[spring-beans-5.3.21.jar:5.3.21]
	at org.springframework.beans.factory.annotation.InjectionMetadata.inject(InjectionMetadata.java:119) ~[spring-beans-5.3.21.jar:5.3.21]
	at org.springframework.beans.factory.annotation.AutowiredAnnotationBeanPostProcessor.postProcessProperties(AutowiredAnnotationBeanPostProcessor.java:399) ~[spring-beans-5.3.21.jar:5.3.21]
	... 17 more
[INFO ] 2023-07-04 12:26:54.818 [background-preinit] validator.internal.util.Version - HV000001: Hibernate Validator 6.2.3.Final
[INFO ] 2023-07-04 12:26:54.931 [main] com.conexion.bd.BdApplication - Starting BdApplication using Java 11.0.16.1 on thinkpadL570 with PID 56118 (/home/thinkpad/Documentos/practicas/java/conexionBD/bd/target/classes started by thinkpad in /home/thinkpad/Documentos/practicas/java/conexionBD/bd)
[INFO ] 2023-07-04 12:26:54.939 [main] com.conexion.bd.BdApplication - No active profile set, falling back to 1 default profile: "default"
[INFO ] 2023-07-04 12:26:56.403 [main] data.repository.config.RepositoryConfigurationDelegate - Bootstrapping Spring Data JPA repositories in DEFAULT mode.
[INFO ] 2023-07-04 12:26:56.672 [main] data.repository.config.RepositoryConfigurationDelegate - Finished Spring Data repository scanning in 254 ms. Found 1 JPA repository interfaces.
[INFO ] 2023-07-04 12:26:57.045 [main] cloud.context.scope.GenericScope - BeanFactory id=2dfba3e9-bf90-3f3a-9789-dc4b25e1fe2c
[INFO ] 2023-07-04 12:26:57.943 [main] web.embedded.tomcat.TomcatWebServer - Tomcat initialized with port(s): 8103 (http)
[INFO ] 2023-07-04 12:26:58.230 [main] web.servlet.context.ServletWebServerApplicationContext - Root WebApplicationContext: initialization completed in 3221 ms
[INFO ] 2023-07-04 12:26:58.701 [main] jpa.internal.util.LogHelper - HHH000204: Processing PersistenceUnitInfo [name: default]
[INFO ] 2023-07-04 12:26:58.774 [main] org.hibernate.Version - HHH000412: Hibernate ORM core version 5.6.9.Final
[INFO ] 2023-07-04 12:26:58.980 [main] hibernate.annotations.common.Version - HCANN000001: Hibernate Commons Annotations {5.1.2.Final}
[INFO ] 2023-07-04 12:26:59.096 [main] org.hibernate.dialect.Dialect - HHH000400: Using dialect: org.hibernate.dialect.PostgreSQLDialect
[INFO ] 2023-07-04 12:26:59.832 [main] jta.platform.internal.JtaPlatformInitiator - HHH000490: Using JtaPlatform implementation: [org.hibernate.engine.transaction.jta.platform.internal.NoJtaPlatform]
[INFO ] 2023-07-04 12:26:59.845 [main] springframework.orm.jpa.LocalContainerEntityManagerFactoryBean - Initialized JPA EntityManagerFactory for persistence unit 'default'
[WARN ] 2023-07-04 12:26:59.871 [main] web.servlet.context.AnnotationConfigServletWebServerApplicationContext - Exception encountered during context initialization - cancelling refresh attempt: org.springframework.beans.factory.BeanCreationException: Error creating bean with name 'eurekaMultiInstanceConfig': Injection of autowired dependencies failed; nested exception is java.lang.IllegalArgumentException: Could not resolve placeholder 'spring.application.name' in value "${spring.application.name}"
[INFO ] 2023-07-04 12:26:59.871 [main] springframework.orm.jpa.LocalContainerEntityManagerFactoryBean - Closing JPA EntityManagerFactory for persistence unit 'default'
[INFO ] 2023-07-04 12:26:59.905 [main] boot.autoconfigure.logging.ConditionEvaluationReportLoggingListener - 

Error starting ApplicationContext. To display the conditions report re-run your application with 'debug' enabled.
[ERROR] 2023-07-04 12:26:59.945 [main] org.springframework.boot.SpringApplication - Application run failed
org.springframework.beans.factory.BeanCreationException: Error creating bean with name 'eurekaMultiInstanceConfig': Injection of autowired dependencies failed; nested exception is java.lang.IllegalArgumentException: Could not resolve placeholder 'spring.application.name' in value "${spring.application.name}"
	at org.springframework.beans.factory.annotation.AutowiredAnnotationBeanPostProcessor.postProcessProperties(AutowiredAnnotationBeanPostProcessor.java:405) ~[spring-beans-5.3.21.jar:5.3.21]
	at org.springframework.beans.factory.support.AbstractAutowireCapableBeanFactory.populateBean(AbstractAutowireCapableBeanFactory.java:1431) ~[spring-beans-5.3.21.jar:5.3.21]
	at org.springframework.beans.factory.support.AbstractAutowireCapableBeanFactory.doCreateBean(AbstractAutowireCapableBeanFactory.java:619) ~[spring-beans-5.3.21.jar:5.3.21]
	at org.springframework.beans.factory.support.AbstractAutowireCapableBeanFactory.createBean(AbstractAutowireCapableBeanFactory.java:542) ~[spring-beans-5.3.21.jar:5.3.21]
	at org.springframework.beans.factory.support.AbstractBeanFactory.lambda$doGetBean$0(AbstractBeanFactory.java:335) ~[spring-beans-5.3.21.jar:5.3.21]
	at org.springframework.beans.factory.support.DefaultSingletonBeanRegistry.getSingleton(DefaultSingletonBeanRegistry.java:234) ~[spring-beans-5.3.21.jar:5.3.21]
	at org.springframework.beans.factory.support.AbstractBeanFactory.doGetBean(AbstractBeanFactory.java:333) ~[spring-beans-5.3.21.jar:5.3.21]
	at org.springframework.beans.factory.support.AbstractBeanFactory.getBean(AbstractBeanFactory.java:208) ~[spring-beans-5.3.21.jar:5.3.21]
	at org.springframework.beans.factory.support.DefaultListableBeanFactory.preInstantiateSingletons(DefaultListableBeanFactory.java:955) ~[spring-beans-5.3.21.jar:5.3.21]
	at org.springframework.context.support.AbstractApplicationContext.finishBeanFactoryInitialization(AbstractApplicationContext.java:918) ~[spring-context-5.3.21.jar:5.3.21]
	at org.springframework.context.support.AbstractApplicationContext.refresh(AbstractApplicationContext.java:583) ~[spring-context-5.3.21.jar:5.3.21]
	at org.springframework.boot.web.servlet.context.ServletWebServerApplicationContext.refresh(ServletWebServerApplicationContext.java:147) ~[spring-boot-2.7.1.jar:2.7.1]
	at org.springframework.boot.SpringApplication.refresh(SpringApplication.java:734) ~[spring-boot-2.7.1.jar:2.7.1]
	at org.springframework.boot.SpringApplication.refreshContext(SpringApplication.java:408) ~[spring-boot-2.7.1.jar:2.7.1]
	at org.springframework.boot.SpringApplication.run(SpringApplication.java:308) ~[spring-boot-2.7.1.jar:2.7.1]
	at org.springframework.boot.SpringApplication.run(SpringApplication.java:1306) ~[spring-boot-2.7.1.jar:2.7.1]
	at org.springframework.boot.SpringApplication.run(SpringApplication.java:1295) ~[spring-boot-2.7.1.jar:2.7.1]
	at com.conexion.bd.BdApplication.main(BdApplication.java:10) ~[classes/:?]
Caused by: java.lang.IllegalArgumentException: Could not resolve placeholder 'spring.application.name' in value "${spring.application.name}"
	at org.springframework.util.PropertyPlaceholderHelper.parseStringValue(PropertyPlaceholderHelper.java:180) ~[spring-core-5.3.21.jar:5.3.21]
	at org.springframework.util.PropertyPlaceholderHelper.replacePlaceholders(PropertyPlaceholderHelper.java:126) ~[spring-core-5.3.21.jar:5.3.21]
	at org.springframework.core.env.AbstractPropertyResolver.doResolvePlaceholders(AbstractPropertyResolver.java:239) ~[spring-core-5.3.21.jar:5.3.21]
	at org.springframework.core.env.AbstractPropertyResolver.resolveRequiredPlaceholders(AbstractPropertyResolver.java:210) ~[spring-core-5.3.21.jar:5.3.21]
	at org.springframework.context.support.PropertySourcesPlaceholderConfigurer.lambda$processProperties$0(PropertySourcesPlaceholderConfigurer.java:191) ~[spring-context-5.3.21.jar:5.3.21]
	at org.springframework.beans.factory.support.AbstractBeanFactory.resolveEmbeddedValue(AbstractBeanFactory.java:936) ~[spring-beans-5.3.21.jar:5.3.21]
	at org.springframework.beans.factory.support.DefaultListableBeanFactory.doResolveDependency(DefaultListableBeanFactory.java:1332) ~[spring-beans-5.3.21.jar:5.3.21]
	at org.springframework.beans.factory.support.DefaultListableBeanFactory.resolveDependency(DefaultListableBeanFactory.java:1311) ~[spring-beans-5.3.21.jar:5.3.21]
	at org.springframework.beans.factory.annotation.AutowiredAnnotationBeanPostProcessor$AutowiredFieldElement.resolveFieldValue(AutowiredAnnotationBeanPostProcessor.java:656) ~[spring-beans-5.3.21.jar:5.3.21]
	at org.springframework.beans.factory.annotation.AutowiredAnnotationBeanPostProcessor$AutowiredFieldElement.inject(AutowiredAnnotationBeanPostProcessor.java:639) ~[spring-beans-5.3.21.jar:5.3.21]
	at org.springframework.beans.factory.annotation.InjectionMetadata.inject(InjectionMetadata.java:119) ~[spring-beans-5.3.21.jar:5.3.21]
	at org.springframework.beans.factory.annotation.AutowiredAnnotationBeanPostProcessor.postProcessProperties(AutowiredAnnotationBeanPostProcessor.java:399) ~[spring-beans-5.3.21.jar:5.3.21]
	... 17 more
[INFO ] 2023-07-04 12:30:13.254 [background-preinit] validator.internal.util.Version - HV000001: Hibernate Validator 6.2.3.Final
[INFO ] 2023-07-04 12:30:13.330 [main] com.conexion.bd.BdApplication - Starting BdApplication using Java 11.0.16.1 on thinkpadL570 with PID 57215 (/home/thinkpad/Documentos/practicas/java/conexionBD/bd/target/classes started by thinkpad in /home/thinkpad/Documentos/practicas/java/conexionBD/bd)
[INFO ] 2023-07-04 12:30:13.342 [main] com.conexion.bd.BdApplication - No active profile set, falling back to 1 default profile: "default"
[INFO ] 2023-07-04 12:30:14.843 [main] data.repository.config.RepositoryConfigurationDelegate - Bootstrapping Spring Data JPA repositories in DEFAULT mode.
[INFO ] 2023-07-04 12:30:15.079 [main] data.repository.config.RepositoryConfigurationDelegate - Finished Spring Data repository scanning in 222 ms. Found 1 JPA repository interfaces.
[INFO ] 2023-07-04 12:30:15.424 [main] cloud.context.scope.GenericScope - BeanFactory id=6252dec5-0806-3715-a8fe-eb4d9fd6d81c
[INFO ] 2023-07-04 12:30:16.247 [main] web.embedded.tomcat.TomcatWebServer - Tomcat initialized with port(s): 8103 (http)
[INFO ] 2023-07-04 12:30:16.544 [main] web.servlet.context.ServletWebServerApplicationContext - Root WebApplicationContext: initialization completed in 3117 ms
[WARN ] 2023-07-04 12:30:16.709 [main] web.servlet.context.AnnotationConfigServletWebServerApplicationContext - Exception encountered during context initialization - cancelling refresh attempt: org.springframework.beans.factory.UnsatisfiedDependencyException: Error creating bean with name 'dataSourceScriptDatabaseInitializer' defined in class path resource [org/springframework/boot/autoconfigure/sql/init/DataSourceInitializationConfiguration.class]: Unsatisfied dependency expressed through method 'dataSourceScriptDatabaseInitializer' parameter 0; nested exception is org.springframework.beans.factory.BeanCreationException: Error creating bean with name 'dataSource' defined in class path resource [org/springframework/boot/autoconfigure/jdbc/JndiDataSourceAutoConfiguration.class]: Bean instantiation via factory method failed; nested exception is org.springframework.beans.BeanInstantiationException: Failed to instantiate [javax.sql.DataSource]: Factory method 'dataSource' threw exception; nested exception is org.springframework.jdbc.datasource.lookup.DataSourceLookupFailureException: Failed to look up JNDI DataSource with name 'java:jboss/datasources/PostgresDS'; nested exception is javax.naming.NoInitialContextException: Need to specify class name in environment or system property, or in an application resource file: java.naming.factory.initial
[INFO ] 2023-07-04 12:30:16.747 [main] boot.autoconfigure.logging.ConditionEvaluationReportLoggingListener - 

Error starting ApplicationContext. To display the conditions report re-run your application with 'debug' enabled.
[ERROR] 2023-07-04 12:30:16.775 [main] org.springframework.boot.SpringApplication - Application run failed
org.springframework.beans.factory.UnsatisfiedDependencyException: Error creating bean with name 'dataSourceScriptDatabaseInitializer' defined in class path resource [org/springframework/boot/autoconfigure/sql/init/DataSourceInitializationConfiguration.class]: Unsatisfied dependency expressed through method 'dataSourceScriptDatabaseInitializer' parameter 0; nested exception is org.springframework.beans.factory.BeanCreationException: Error creating bean with name 'dataSource' defined in class path resource [org/springframework/boot/autoconfigure/jdbc/JndiDataSourceAutoConfiguration.class]: Bean instantiation via factory method failed; nested exception is org.springframework.beans.BeanInstantiationException: Failed to instantiate [javax.sql.DataSource]: Factory method 'dataSource' threw exception; nested exception is org.springframework.jdbc.datasource.lookup.DataSourceLookupFailureException: Failed to look up JNDI DataSource with name 'java:jboss/datasources/PostgresDS'; nested exception is javax.naming.NoInitialContextException: Need to specify class name in environment or system property, or in an application resource file: java.naming.factory.initial
	at org.springframework.beans.factory.support.ConstructorResolver.createArgumentArray(ConstructorResolver.java:800) ~[spring-beans-5.3.21.jar:5.3.21]
	at org.springframework.beans.factory.support.ConstructorResolver.instantiateUsingFactoryMethod(ConstructorResolver.java:541) ~[spring-beans-5.3.21.jar:5.3.21]
	at org.springframework.beans.factory.support.AbstractAutowireCapableBeanFactory.instantiateUsingFactoryMethod(AbstractAutowireCapableBeanFactory.java:1352) ~[spring-beans-5.3.21.jar:5.3.21]
	at org.springframework.beans.factory.support.AbstractAutowireCapableBeanFactory.createBeanInstance(AbstractAutowireCapableBeanFactory.java:1195) ~[spring-beans-5.3.21.jar:5.3.21]
	at org.springframework.beans.factory.support.AbstractAutowireCapableBeanFactory.doCreateBean(AbstractAutowireCapableBeanFactory.java:582) ~[spring-beans-5.3.21.jar:5.3.21]
	at org.springframework.beans.factory.support.AbstractAutowireCapableBeanFactory.createBean(AbstractAutowireCapableBeanFactory.java:542) ~[spring-beans-5.3.21.jar:5.3.21]
	at org.springframework.beans.factory.support.AbstractBeanFactory.lambda$doGetBean$0(AbstractBeanFactory.java:335) ~[spring-beans-5.3.21.jar:5.3.21]
	at org.springframework.beans.factory.support.DefaultSingletonBeanRegistry.getSingleton(DefaultSingletonBeanRegistry.java:234) ~[spring-beans-5.3.21.jar:5.3.21]
	at org.springframework.beans.factory.support.AbstractBeanFactory.doGetBean(AbstractBeanFactory.java:333) ~[spring-beans-5.3.21.jar:5.3.21]
	at org.springframework.beans.factory.support.AbstractBeanFactory.getBean(AbstractBeanFactory.java:208) ~[spring-beans-5.3.21.jar:5.3.21]
	at org.springframework.beans.factory.support.AbstractBeanFactory.doGetBean(AbstractBeanFactory.java:322) ~[spring-beans-5.3.21.jar:5.3.21]
	at org.springframework.beans.factory.support.AbstractBeanFactory.getBean(AbstractBeanFactory.java:208) ~[spring-beans-5.3.21.jar:5.3.21]
	at org.springframework.context.support.AbstractApplicationContext.getBean(AbstractApplicationContext.java:1154) ~[spring-context-5.3.21.jar:5.3.21]
	at org.springframework.context.support.AbstractApplicationContext.finishBeanFactoryInitialization(AbstractApplicationContext.java:908) ~[spring-context-5.3.21.jar:5.3.21]
	at org.springframework.context.support.AbstractApplicationContext.refresh(AbstractApplicationContext.java:583) ~[spring-context-5.3.21.jar:5.3.21]
	at org.springframework.boot.web.servlet.context.ServletWebServerApplicationContext.refresh(ServletWebServerApplicationContext.java:147) ~[spring-boot-2.7.1.jar:2.7.1]
	at org.springframework.boot.SpringApplication.refresh(SpringApplication.java:734) ~[spring-boot-2.7.1.jar:2.7.1]
	at org.springframework.boot.SpringApplication.refreshContext(SpringApplication.java:408) ~[spring-boot-2.7.1.jar:2.7.1]
	at org.springframework.boot.SpringApplication.run(SpringApplication.java:308) ~[spring-boot-2.7.1.jar:2.7.1]
	at org.springframework.boot.SpringApplication.run(SpringApplication.java:1306) ~[spring-boot-2.7.1.jar:2.7.1]
	at org.springframework.boot.SpringApplication.run(SpringApplication.java:1295) ~[spring-boot-2.7.1.jar:2.7.1]
	at com.conexion.bd.BdApplication.main(BdApplication.java:10) ~[classes/:?]
Caused by: org.springframework.beans.factory.BeanCreationException: Error creating bean with name 'dataSource' defined in class path resource [org/springframework/boot/autoconfigure/jdbc/JndiDataSourceAutoConfiguration.class]: Bean instantiation via factory method failed; nested exception is org.springframework.beans.BeanInstantiationException: Failed to instantiate [javax.sql.DataSource]: Factory method 'dataSource' threw exception; nested exception is org.springframework.jdbc.datasource.lookup.DataSourceLookupFailureException: Failed to look up JNDI DataSource with name 'java:jboss/datasources/PostgresDS'; nested exception is javax.naming.NoInitialContextException: Need to specify class name in environment or system property, or in an application resource file: java.naming.factory.initial
	at org.springframework.beans.factory.support.ConstructorResolver.instantiate(ConstructorResolver.java:658) ~[spring-beans-5.3.21.jar:5.3.21]
	at org.springframework.beans.factory.support.ConstructorResolver.instantiateUsingFactoryMethod(ConstructorResolver.java:638) ~[spring-beans-5.3.21.jar:5.3.21]
	at org.springframework.beans.factory.support.AbstractAutowireCapableBeanFactory.instantiateUsingFactoryMethod(AbstractAutowireCapableBeanFactory.java:1352) ~[spring-beans-5.3.21.jar:5.3.21]
	at org.springframework.beans.factory.support.AbstractAutowireCapableBeanFactory.createBeanInstance(AbstractAutowireCapableBeanFactory.java:1195) ~[spring-beans-5.3.21.jar:5.3.21]
	at org.springframework.beans.factory.support.AbstractAutowireCapableBeanFactory.doCreateBean(AbstractAutowireCapableBeanFactory.java:582) ~[spring-beans-5.3.21.jar:5.3.21]
	at org.springframework.beans.factory.support.AbstractAutowireCapableBeanFactory.createBean(AbstractAutowireCapableBeanFactory.java:542) ~[spring-beans-5.3.21.jar:5.3.21]
	at org.springframework.beans.factory.support.AbstractBeanFactory.lambda$doGetBean$0(AbstractBeanFactory.java:335) ~[spring-beans-5.3.21.jar:5.3.21]
	at org.springframework.beans.factory.support.DefaultSingletonBeanRegistry.getSingleton(DefaultSingletonBeanRegistry.java:234) ~[spring-beans-5.3.21.jar:5.3.21]
	at org.springframework.beans.factory.support.AbstractBeanFactory.doGetBean(AbstractBeanFactory.java:333) ~[spring-beans-5.3.21.jar:5.3.21]
	at org.springframework.beans.factory.support.AbstractBeanFactory.getBean(AbstractBeanFactory.java:208) ~[spring-beans-5.3.21.jar:5.3.21]
	at org.springframework.beans.factory.config.DependencyDescriptor.resolveCandidate(DependencyDescriptor.java:276) ~[spring-beans-5.3.21.jar:5.3.21]
	at org.springframework.beans.factory.support.DefaultListableBeanFactory.doResolveDependency(DefaultListableBeanFactory.java:1391) ~[spring-beans-5.3.21.jar:5.3.21]
	at org.springframework.beans.factory.support.DefaultListableBeanFactory.resolveDependency(DefaultListableBeanFactory.java:1311) ~[spring-beans-5.3.21.jar:5.3.21]
	at org.springframework.beans.factory.support.ConstructorResolver.resolveAutowiredArgument(ConstructorResolver.java:887) ~[spring-beans-5.3.21.jar:5.3.21]
	at org.springframework.beans.factory.support.ConstructorResolver.createArgumentArray(ConstructorResolver.java:791) ~[spring-beans-5.3.21.jar:5.3.21]
	... 21 more
Caused by: org.springframework.beans.BeanInstantiationException: Failed to instantiate [javax.sql.DataSource]: Factory method 'dataSource' threw exception; nested exception is org.springframework.jdbc.datasource.lookup.DataSourceLookupFailureException: Failed to look up JNDI DataSource with name 'java:jboss/datasources/PostgresDS'; nested exception is javax.naming.NoInitialContextException: Need to specify class name in environment or system property, or in an application resource file: java.naming.factory.initial
	at org.springframework.beans.factory.support.SimpleInstantiationStrategy.instantiate(SimpleInstantiationStrategy.java:185) ~[spring-beans-5.3.21.jar:5.3.21]
	at org.springframework.beans.factory.support.ConstructorResolver.instantiate(ConstructorResolver.java:653) ~[spring-beans-5.3.21.jar:5.3.21]
	at org.springframework.beans.factory.support.ConstructorResolver.instantiateUsingFactoryMethod(ConstructorResolver.java:638) ~[spring-beans-5.3.21.jar:5.3.21]
	at org.springframework.beans.factory.support.AbstractAutowireCapableBeanFactory.instantiateUsingFactoryMethod(AbstractAutowireCapableBeanFactory.java:1352) ~[spring-beans-5.3.21.jar:5.3.21]
	at org.springframework.beans.factory.support.AbstractAutowireCapableBeanFactory.createBeanInstance(AbstractAutowireCapableBeanFactory.java:1195) ~[spring-beans-5.3.21.jar:5.3.21]
	at org.springframework.beans.factory.support.AbstractAutowireCapableBeanFactory.doCreateBean(AbstractAutowireCapableBeanFactory.java:582) ~[spring-beans-5.3.21.jar:5.3.21]
	at org.springframework.beans.factory.support.AbstractAutowireCapableBeanFactory.createBean(AbstractAutowireCapableBeanFactory.java:542) ~[spring-beans-5.3.21.jar:5.3.21]
	at org.springframework.beans.factory.support.AbstractBeanFactory.lambda$doGetBean$0(AbstractBeanFactory.java:335) ~[spring-beans-5.3.21.jar:5.3.21]
	at org.springframework.beans.factory.support.DefaultSingletonBeanRegistry.getSingleton(DefaultSingletonBeanRegistry.java:234) ~[spring-beans-5.3.21.jar:5.3.21]
	at org.springframework.beans.factory.support.AbstractBeanFactory.doGetBean(AbstractBeanFactory.java:333) ~[spring-beans-5.3.21.jar:5.3.21]
	at org.springframework.beans.factory.support.AbstractBeanFactory.getBean(AbstractBeanFactory.java:208) ~[spring-beans-5.3.21.jar:5.3.21]
	at org.springframework.beans.factory.config.DependencyDescriptor.resolveCandidate(DependencyDescriptor.java:276) ~[spring-beans-5.3.21.jar:5.3.21]
	at org.springframework.beans.factory.support.DefaultListableBeanFactory.doResolveDependency(DefaultListableBeanFactory.java:1391) ~[spring-beans-5.3.21.jar:5.3.21]
	at org.springframework.beans.factory.support.DefaultListableBeanFactory.resolveDependency(DefaultListableBeanFactory.java:1311) ~[spring-beans-5.3.21.jar:5.3.21]
	at org.springframework.beans.factory.support.ConstructorResolver.resolveAutowiredArgument(ConstructorResolver.java:887) ~[spring-beans-5.3.21.jar:5.3.21]
	at org.springframework.beans.factory.support.ConstructorResolver.createArgumentArray(ConstructorResolver.java:791) ~[spring-beans-5.3.21.jar:5.3.21]
	... 21 more
Caused by: org.springframework.jdbc.datasource.lookup.DataSourceLookupFailureException: Failed to look up JNDI DataSource with name 'java:jboss/datasources/PostgresDS'; nested exception is javax.naming.NoInitialContextException: Need to specify class name in environment or system property, or in an application resource file: java.naming.factory.initial
	at org.springframework.jdbc.datasource.lookup.JndiDataSourceLookup.getDataSource(JndiDataSourceLookup.java:48) ~[spring-jdbc-5.3.21.jar:5.3.21]
	at org.springframework.boot.autoconfigure.jdbc.JndiDataSourceAutoConfiguration.dataSource(JndiDataSourceAutoConfiguration.java:52) ~[spring-boot-autoconfigure-2.7.1.jar:2.7.1]
	at jdk.internal.reflect.NativeMethodAccessorImpl.invoke0(Native Method) ~[?:?]
	at jdk.internal.reflect.NativeMethodAccessorImpl.invoke(NativeMethodAccessorImpl.java:62) ~[?:?]
	at jdk.internal.reflect.DelegatingMethodAccessorImpl.invoke(DelegatingMethodAccessorImpl.java:43) ~[?:?]
	at java.lang.reflect.Method.invoke(Method.java:566) ~[?:?]
	at org.springframework.beans.factory.support.SimpleInstantiationStrategy.instantiate(SimpleInstantiationStrategy.java:154) ~[spring-beans-5.3.21.jar:5.3.21]
	at org.springframework.beans.factory.support.ConstructorResolver.instantiate(ConstructorResolver.java:653) ~[spring-beans-5.3.21.jar:5.3.21]
	at org.springframework.beans.factory.support.ConstructorResolver.instantiateUsingFactoryMethod(ConstructorResolver.java:638) ~[spring-beans-5.3.21.jar:5.3.21]
	at org.springframework.beans.factory.support.AbstractAutowireCapableBeanFactory.instantiateUsingFactoryMethod(AbstractAutowireCapableBeanFactory.java:1352) ~[spring-beans-5.3.21.jar:5.3.21]
	at org.springframework.beans.factory.support.AbstractAutowireCapableBeanFactory.createBeanInstance(AbstractAutowireCapableBeanFactory.java:1195) ~[spring-beans-5.3.21.jar:5.3.21]
	at org.springframework.beans.factory.support.AbstractAutowireCapableBeanFactory.doCreateBean(AbstractAutowireCapableBeanFactory.java:582) ~[spring-beans-5.3.21.jar:5.3.21]
	at org.springframework.beans.factory.support.AbstractAutowireCapableBeanFactory.createBean(AbstractAutowireCapableBeanFactory.java:542) ~[spring-beans-5.3.21.jar:5.3.21]
	at org.springframework.beans.factory.support.AbstractBeanFactory.lambda$doGetBean$0(AbstractBeanFactory.java:335) ~[spring-beans-5.3.21.jar:5.3.21]
	at org.springframework.beans.factory.support.DefaultSingletonBeanRegistry.getSingleton(DefaultSingletonBeanRegistry.java:234) ~[spring-beans-5.3.21.jar:5.3.21]
	at org.springframework.beans.factory.support.AbstractBeanFactory.doGetBean(AbstractBeanFactory.java:333) ~[spring-beans-5.3.21.jar:5.3.21]
	at org.springframework.beans.factory.support.AbstractBeanFactory.getBean(AbstractBeanFactory.java:208) ~[spring-beans-5.3.21.jar:5.3.21]
	at org.springframework.beans.factory.config.DependencyDescriptor.resolveCandidate(DependencyDescriptor.java:276) ~[spring-beans-5.3.21.jar:5.3.21]
	at org.springframework.beans.factory.support.DefaultListableBeanFactory.doResolveDependency(DefaultListableBeanFactory.java:1391) ~[spring-beans-5.3.21.jar:5.3.21]
	at org.springframework.beans.factory.support.DefaultListableBeanFactory.resolveDependency(DefaultListableBeanFactory.java:1311) ~[spring-beans-5.3.21.jar:5.3.21]
	at org.springframework.beans.factory.support.ConstructorResolver.resolveAutowiredArgument(ConstructorResolver.java:887) ~[spring-beans-5.3.21.jar:5.3.21]
	at org.springframework.beans.factory.support.ConstructorResolver.createArgumentArray(ConstructorResolver.java:791) ~[spring-beans-5.3.21.jar:5.3.21]
	... 21 more
Caused by: javax.naming.NoInitialContextException: Need to specify class name in environment or system property, or in an application resource file: java.naming.factory.initial
	at javax.naming.spi.NamingManager.getInitialContext(NamingManager.java:702) ~[?:?]
	at javax.naming.InitialContext.getDefaultInitCtx(InitialContext.java:305) ~[?:?]
	at javax.naming.InitialContext.getURLOrDefaultInitCtx(InitialContext.java:342) ~[?:?]
	at javax.naming.InitialContext.lookup(InitialContext.java:409) ~[?:?]
	at org.springframework.jndi.JndiTemplate.lambda$lookup$0(JndiTemplate.java:157) ~[spring-context-5.3.21.jar:5.3.21]
	at org.springframework.jndi.JndiTemplate.execute(JndiTemplate.java:92) ~[spring-context-5.3.21.jar:5.3.21]
	at org.springframework.jndi.JndiTemplate.lookup(JndiTemplate.java:157) ~[spring-context-5.3.21.jar:5.3.21]
	at org.springframework.jndi.JndiTemplate.lookup(JndiTemplate.java:179) ~[spring-context-5.3.21.jar:5.3.21]
	at org.springframework.jndi.JndiLocatorSupport.lookup(JndiLocatorSupport.java:96) ~[spring-context-5.3.21.jar:5.3.21]
	at org.springframework.jdbc.datasource.lookup.JndiDataSourceLookup.getDataSource(JndiDataSourceLookup.java:45) ~[spring-jdbc-5.3.21.jar:5.3.21]
	at org.springframework.boot.autoconfigure.jdbc.JndiDataSourceAutoConfiguration.dataSource(JndiDataSourceAutoConfiguration.java:52) ~[spring-boot-autoconfigure-2.7.1.jar:2.7.1]
	at jdk.internal.reflect.NativeMethodAccessorImpl.invoke0(Native Method) ~[?:?]
	at jdk.internal.reflect.NativeMethodAccessorImpl.invoke(NativeMethodAccessorImpl.java:62) ~[?:?]
	at jdk.internal.reflect.DelegatingMethodAccessorImpl.invoke(DelegatingMethodAccessorImpl.java:43) ~[?:?]
	at java.lang.reflect.Method.invoke(Method.java:566) ~[?:?]
	at org.springframework.beans.factory.support.SimpleInstantiationStrategy.instantiate(SimpleInstantiationStrategy.java:154) ~[spring-beans-5.3.21.jar:5.3.21]
	at org.springframework.beans.factory.support.ConstructorResolver.instantiate(ConstructorResolver.java:653) ~[spring-beans-5.3.21.jar:5.3.21]
	at org.springframework.beans.factory.support.ConstructorResolver.instantiateUsingFactoryMethod(ConstructorResolver.java:638) ~[spring-beans-5.3.21.jar:5.3.21]
	at org.springframework.beans.factory.support.AbstractAutowireCapableBeanFactory.instantiateUsingFactoryMethod(AbstractAutowireCapableBeanFactory.java:1352) ~[spring-beans-5.3.21.jar:5.3.21]
	at org.springframework.beans.factory.support.AbstractAutowireCapableBeanFactory.createBeanInstance(AbstractAutowireCapableBeanFactory.java:1195) ~[spring-beans-5.3.21.jar:5.3.21]
	at org.springframework.beans.factory.support.AbstractAutowireCapableBeanFactory.doCreateBean(AbstractAutowireCapableBeanFactory.java:582) ~[spring-beans-5.3.21.jar:5.3.21]
	at org.springframework.beans.factory.support.AbstractAutowireCapableBeanFactory.createBean(AbstractAutowireCapableBeanFactory.java:542) ~[spring-beans-5.3.21.jar:5.3.21]
	at org.springframework.beans.factory.support.AbstractBeanFactory.lambda$doGetBean$0(AbstractBeanFactory.java:335) ~[spring-beans-5.3.21.jar:5.3.21]
	at org.springframework.beans.factory.support.DefaultSingletonBeanRegistry.getSingleton(DefaultSingletonBeanRegistry.java:234) ~[spring-beans-5.3.21.jar:5.3.21]
	at org.springframework.beans.factory.support.AbstractBeanFactory.doGetBean(AbstractBeanFactory.java:333) ~[spring-beans-5.3.21.jar:5.3.21]
	at org.springframework.beans.factory.support.AbstractBeanFactory.getBean(AbstractBeanFactory.java:208) ~[spring-beans-5.3.21.jar:5.3.21]
	at org.springframework.beans.factory.config.DependencyDescriptor.resolveCandidate(DependencyDescriptor.java:276) ~[spring-beans-5.3.21.jar:5.3.21]
	at org.springframework.beans.factory.support.DefaultListableBeanFactory.doResolveDependency(DefaultListableBeanFactory.java:1391) ~[spring-beans-5.3.21.jar:5.3.21]
	at org.springframework.beans.factory.support.DefaultListableBeanFactory.resolveDependency(DefaultListableBeanFactory.java:1311) ~[spring-beans-5.3.21.jar:5.3.21]
	at org.springframework.beans.factory.support.ConstructorResolver.resolveAutowiredArgument(ConstructorResolver.java:887) ~[spring-beans-5.3.21.jar:5.3.21]
	at org.springframework.beans.factory.support.ConstructorResolver.createArgumentArray(ConstructorResolver.java:791) ~[spring-beans-5.3.21.jar:5.3.21]
	... 21 more
[INFO ] 2023-07-04 12:31:02.854 [background-preinit] validator.internal.util.Version - HV000001: Hibernate Validator 6.2.3.Final
[INFO ] 2023-07-04 12:31:02.983 [main] com.conexion.bd.BdApplication - Starting BdApplication using Java 11.0.16.1 on thinkpadL570 with PID 57521 (/home/thinkpad/Documentos/practicas/java/conexionBD/bd/target/classes started by thinkpad in /home/thinkpad/Documentos/practicas/java/conexionBD/bd)
[INFO ] 2023-07-04 12:31:02.989 [main] com.conexion.bd.BdApplication - No active profile set, falling back to 1 default profile: "default"
[INFO ] 2023-07-04 12:31:04.578 [main] data.repository.config.RepositoryConfigurationDelegate - Bootstrapping Spring Data JPA repositories in DEFAULT mode.
[INFO ] 2023-07-04 12:31:04.844 [main] data.repository.config.RepositoryConfigurationDelegate - Finished Spring Data repository scanning in 253 ms. Found 1 JPA repository interfaces.
[INFO ] 2023-07-04 12:31:05.228 [main] cloud.context.scope.GenericScope - BeanFactory id=6252dec5-0806-3715-a8fe-eb4d9fd6d81c
[INFO ] 2023-07-04 12:31:06.142 [main] web.embedded.tomcat.TomcatWebServer - Tomcat initialized with port(s): 8101 (http)
[INFO ] 2023-07-04 12:31:06.401 [main] web.servlet.context.ServletWebServerApplicationContext - Root WebApplicationContext: initialization completed in 3326 ms
[WARN ] 2023-07-04 12:31:06.618 [main] web.servlet.context.AnnotationConfigServletWebServerApplicationContext - Exception encountered during context initialization - cancelling refresh attempt: org.springframework.beans.factory.UnsatisfiedDependencyException: Error creating bean with name 'dataSourceScriptDatabaseInitializer' defined in class path resource [org/springframework/boot/autoconfigure/sql/init/DataSourceInitializationConfiguration.class]: Unsatisfied dependency expressed through method 'dataSourceScriptDatabaseInitializer' parameter 0; nested exception is org.springframework.beans.factory.BeanCreationException: Error creating bean with name 'dataSource' defined in class path resource [org/springframework/boot/autoconfigure/jdbc/JndiDataSourceAutoConfiguration.class]: Bean instantiation via factory method failed; nested exception is org.springframework.beans.BeanInstantiationException: Failed to instantiate [javax.sql.DataSource]: Factory method 'dataSource' threw exception; nested exception is org.springframework.jdbc.datasource.lookup.DataSourceLookupFailureException: Failed to look up JNDI DataSource with name 'java:jboss/datasources/PostgresDS'; nested exception is javax.naming.NoInitialContextException: Need to specify class name in environment or system property, or in an application resource file: java.naming.factory.initial
[INFO ] 2023-07-04 12:31:06.662 [main] boot.autoconfigure.logging.ConditionEvaluationReportLoggingListener - 

Error starting ApplicationContext. To display the conditions report re-run your application with 'debug' enabled.
[ERROR] 2023-07-04 12:31:06.700 [main] org.springframework.boot.SpringApplication - Application run failed
org.springframework.beans.factory.UnsatisfiedDependencyException: Error creating bean with name 'dataSourceScriptDatabaseInitializer' defined in class path resource [org/springframework/boot/autoconfigure/sql/init/DataSourceInitializationConfiguration.class]: Unsatisfied dependency expressed through method 'dataSourceScriptDatabaseInitializer' parameter 0; nested exception is org.springframework.beans.factory.BeanCreationException: Error creating bean with name 'dataSource' defined in class path resource [org/springframework/boot/autoconfigure/jdbc/JndiDataSourceAutoConfiguration.class]: Bean instantiation via factory method failed; nested exception is org.springframework.beans.BeanInstantiationException: Failed to instantiate [javax.sql.DataSource]: Factory method 'dataSource' threw exception; nested exception is org.springframework.jdbc.datasource.lookup.DataSourceLookupFailureException: Failed to look up JNDI DataSource with name 'java:jboss/datasources/PostgresDS'; nested exception is javax.naming.NoInitialContextException: Need to specify class name in environment or system property, or in an application resource file: java.naming.factory.initial
	at org.springframework.beans.factory.support.ConstructorResolver.createArgumentArray(ConstructorResolver.java:800) ~[spring-beans-5.3.21.jar:5.3.21]
	at org.springframework.beans.factory.support.ConstructorResolver.instantiateUsingFactoryMethod(ConstructorResolver.java:541) ~[spring-beans-5.3.21.jar:5.3.21]
	at org.springframework.beans.factory.support.AbstractAutowireCapableBeanFactory.instantiateUsingFactoryMethod(AbstractAutowireCapableBeanFactory.java:1352) ~[spring-beans-5.3.21.jar:5.3.21]
	at org.springframework.beans.factory.support.AbstractAutowireCapableBeanFactory.createBeanInstance(AbstractAutowireCapableBeanFactory.java:1195) ~[spring-beans-5.3.21.jar:5.3.21]
	at org.springframework.beans.factory.support.AbstractAutowireCapableBeanFactory.doCreateBean(AbstractAutowireCapableBeanFactory.java:582) ~[spring-beans-5.3.21.jar:5.3.21]
	at org.springframework.beans.factory.support.AbstractAutowireCapableBeanFactory.createBean(AbstractAutowireCapableBeanFactory.java:542) ~[spring-beans-5.3.21.jar:5.3.21]
	at org.springframework.beans.factory.support.AbstractBeanFactory.lambda$doGetBean$0(AbstractBeanFactory.java:335) ~[spring-beans-5.3.21.jar:5.3.21]
	at org.springframework.beans.factory.support.DefaultSingletonBeanRegistry.getSingleton(DefaultSingletonBeanRegistry.java:234) ~[spring-beans-5.3.21.jar:5.3.21]
	at org.springframework.beans.factory.support.AbstractBeanFactory.doGetBean(AbstractBeanFactory.java:333) ~[spring-beans-5.3.21.jar:5.3.21]
	at org.springframework.beans.factory.support.AbstractBeanFactory.getBean(AbstractBeanFactory.java:208) ~[spring-beans-5.3.21.jar:5.3.21]
	at org.springframework.beans.factory.support.AbstractBeanFactory.doGetBean(AbstractBeanFactory.java:322) ~[spring-beans-5.3.21.jar:5.3.21]
	at org.springframework.beans.factory.support.AbstractBeanFactory.getBean(AbstractBeanFactory.java:208) ~[spring-beans-5.3.21.jar:5.3.21]
	at org.springframework.context.support.AbstractApplicationContext.getBean(AbstractApplicationContext.java:1154) ~[spring-context-5.3.21.jar:5.3.21]
	at org.springframework.context.support.AbstractApplicationContext.finishBeanFactoryInitialization(AbstractApplicationContext.java:908) ~[spring-context-5.3.21.jar:5.3.21]
	at org.springframework.context.support.AbstractApplicationContext.refresh(AbstractApplicationContext.java:583) ~[spring-context-5.3.21.jar:5.3.21]
	at org.springframework.boot.web.servlet.context.ServletWebServerApplicationContext.refresh(ServletWebServerApplicationContext.java:147) ~[spring-boot-2.7.1.jar:2.7.1]
	at org.springframework.boot.SpringApplication.refresh(SpringApplication.java:734) ~[spring-boot-2.7.1.jar:2.7.1]
	at org.springframework.boot.SpringApplication.refreshContext(SpringApplication.java:408) ~[spring-boot-2.7.1.jar:2.7.1]
	at org.springframework.boot.SpringApplication.run(SpringApplication.java:308) ~[spring-boot-2.7.1.jar:2.7.1]
	at org.springframework.boot.SpringApplication.run(SpringApplication.java:1306) ~[spring-boot-2.7.1.jar:2.7.1]
	at org.springframework.boot.SpringApplication.run(SpringApplication.java:1295) ~[spring-boot-2.7.1.jar:2.7.1]
	at com.conexion.bd.BdApplication.main(BdApplication.java:10) ~[classes/:?]
Caused by: org.springframework.beans.factory.BeanCreationException: Error creating bean with name 'dataSource' defined in class path resource [org/springframework/boot/autoconfigure/jdbc/JndiDataSourceAutoConfiguration.class]: Bean instantiation via factory method failed; nested exception is org.springframework.beans.BeanInstantiationException: Failed to instantiate [javax.sql.DataSource]: Factory method 'dataSource' threw exception; nested exception is org.springframework.jdbc.datasource.lookup.DataSourceLookupFailureException: Failed to look up JNDI DataSource with name 'java:jboss/datasources/PostgresDS'; nested exception is javax.naming.NoInitialContextException: Need to specify class name in environment or system property, or in an application resource file: java.naming.factory.initial
	at org.springframework.beans.factory.support.ConstructorResolver.instantiate(ConstructorResolver.java:658) ~[spring-beans-5.3.21.jar:5.3.21]
	at org.springframework.beans.factory.support.ConstructorResolver.instantiateUsingFactoryMethod(ConstructorResolver.java:638) ~[spring-beans-5.3.21.jar:5.3.21]
	at org.springframework.beans.factory.support.AbstractAutowireCapableBeanFactory.instantiateUsingFactoryMethod(AbstractAutowireCapableBeanFactory.java:1352) ~[spring-beans-5.3.21.jar:5.3.21]
	at org.springframework.beans.factory.support.AbstractAutowireCapableBeanFactory.createBeanInstance(AbstractAutowireCapableBeanFactory.java:1195) ~[spring-beans-5.3.21.jar:5.3.21]
	at org.springframework.beans.factory.support.AbstractAutowireCapableBeanFactory.doCreateBean(AbstractAutowireCapableBeanFactory.java:582) ~[spring-beans-5.3.21.jar:5.3.21]
	at org.springframework.beans.factory.support.AbstractAutowireCapableBeanFactory.createBean(AbstractAutowireCapableBeanFactory.java:542) ~[spring-beans-5.3.21.jar:5.3.21]
	at org.springframework.beans.factory.support.AbstractBeanFactory.lambda$doGetBean$0(AbstractBeanFactory.java:335) ~[spring-beans-5.3.21.jar:5.3.21]
	at org.springframework.beans.factory.support.DefaultSingletonBeanRegistry.getSingleton(DefaultSingletonBeanRegistry.java:234) ~[spring-beans-5.3.21.jar:5.3.21]
	at org.springframework.beans.factory.support.AbstractBeanFactory.doGetBean(AbstractBeanFactory.java:333) ~[spring-beans-5.3.21.jar:5.3.21]
	at org.springframework.beans.factory.support.AbstractBeanFactory.getBean(AbstractBeanFactory.java:208) ~[spring-beans-5.3.21.jar:5.3.21]
	at org.springframework.beans.factory.config.DependencyDescriptor.resolveCandidate(DependencyDescriptor.java:276) ~[spring-beans-5.3.21.jar:5.3.21]
	at org.springframework.beans.factory.support.DefaultListableBeanFactory.doResolveDependency(DefaultListableBeanFactory.java:1391) ~[spring-beans-5.3.21.jar:5.3.21]
	at org.springframework.beans.factory.support.DefaultListableBeanFactory.resolveDependency(DefaultListableBeanFactory.java:1311) ~[spring-beans-5.3.21.jar:5.3.21]
	at org.springframework.beans.factory.support.ConstructorResolver.resolveAutowiredArgument(ConstructorResolver.java:887) ~[spring-beans-5.3.21.jar:5.3.21]
	at org.springframework.beans.factory.support.ConstructorResolver.createArgumentArray(ConstructorResolver.java:791) ~[spring-beans-5.3.21.jar:5.3.21]
	... 21 more
Caused by: org.springframework.beans.BeanInstantiationException: Failed to instantiate [javax.sql.DataSource]: Factory method 'dataSource' threw exception; nested exception is org.springframework.jdbc.datasource.lookup.DataSourceLookupFailureException: Failed to look up JNDI DataSource with name 'java:jboss/datasources/PostgresDS'; nested exception is javax.naming.NoInitialContextException: Need to specify class name in environment or system property, or in an application resource file: java.naming.factory.initial
	at org.springframework.beans.factory.support.SimpleInstantiationStrategy.instantiate(SimpleInstantiationStrategy.java:185) ~[spring-beans-5.3.21.jar:5.3.21]
	at org.springframework.beans.factory.support.ConstructorResolver.instantiate(ConstructorResolver.java:653) ~[spring-beans-5.3.21.jar:5.3.21]
	at org.springframework.beans.factory.support.ConstructorResolver.instantiateUsingFactoryMethod(ConstructorResolver.java:638) ~[spring-beans-5.3.21.jar:5.3.21]
	at org.springframework.beans.factory.support.AbstractAutowireCapableBeanFactory.instantiateUsingFactoryMethod(AbstractAutowireCapableBeanFactory.java:1352) ~[spring-beans-5.3.21.jar:5.3.21]
	at org.springframework.beans.factory.support.AbstractAutowireCapableBeanFactory.createBeanInstance(AbstractAutowireCapableBeanFactory.java:1195) ~[spring-beans-5.3.21.jar:5.3.21]
	at org.springframework.beans.factory.support.AbstractAutowireCapableBeanFactory.doCreateBean(AbstractAutowireCapableBeanFactory.java:582) ~[spring-beans-5.3.21.jar:5.3.21]
	at org.springframework.beans.factory.support.AbstractAutowireCapableBeanFactory.createBean(AbstractAutowireCapableBeanFactory.java:542) ~[spring-beans-5.3.21.jar:5.3.21]
	at org.springframework.beans.factory.support.AbstractBeanFactory.lambda$doGetBean$0(AbstractBeanFactory.java:335) ~[spring-beans-5.3.21.jar:5.3.21]
	at org.springframework.beans.factory.support.DefaultSingletonBeanRegistry.getSingleton(DefaultSingletonBeanRegistry.java:234) ~[spring-beans-5.3.21.jar:5.3.21]
	at org.springframework.beans.factory.support.AbstractBeanFactory.doGetBean(AbstractBeanFactory.java:333) ~[spring-beans-5.3.21.jar:5.3.21]
	at org.springframework.beans.factory.support.AbstractBeanFactory.getBean(AbstractBeanFactory.java:208) ~[spring-beans-5.3.21.jar:5.3.21]
	at org.springframework.beans.factory.config.DependencyDescriptor.resolveCandidate(DependencyDescriptor.java:276) ~[spring-beans-5.3.21.jar:5.3.21]
	at org.springframework.beans.factory.support.DefaultListableBeanFactory.doResolveDependency(DefaultListableBeanFactory.java:1391) ~[spring-beans-5.3.21.jar:5.3.21]
	at org.springframework.beans.factory.support.DefaultListableBeanFactory.resolveDependency(DefaultListableBeanFactory.java:1311) ~[spring-beans-5.3.21.jar:5.3.21]
	at org.springframework.beans.factory.support.ConstructorResolver.resolveAutowiredArgument(ConstructorResolver.java:887) ~[spring-beans-5.3.21.jar:5.3.21]
	at org.springframework.beans.factory.support.ConstructorResolver.createArgumentArray(ConstructorResolver.java:791) ~[spring-beans-5.3.21.jar:5.3.21]
	... 21 more
Caused by: org.springframework.jdbc.datasource.lookup.DataSourceLookupFailureException: Failed to look up JNDI DataSource with name 'java:jboss/datasources/PostgresDS'; nested exception is javax.naming.NoInitialContextException: Need to specify class name in environment or system property, or in an application resource file: java.naming.factory.initial
	at org.springframework.jdbc.datasource.lookup.JndiDataSourceLookup.getDataSource(JndiDataSourceLookup.java:48) ~[spring-jdbc-5.3.21.jar:5.3.21]
	at org.springframework.boot.autoconfigure.jdbc.JndiDataSourceAutoConfiguration.dataSource(JndiDataSourceAutoConfiguration.java:52) ~[spring-boot-autoconfigure-2.7.1.jar:2.7.1]
	at jdk.internal.reflect.NativeMethodAccessorImpl.invoke0(Native Method) ~[?:?]
	at jdk.internal.reflect.NativeMethodAccessorImpl.invoke(NativeMethodAccessorImpl.java:62) ~[?:?]
	at jdk.internal.reflect.DelegatingMethodAccessorImpl.invoke(DelegatingMethodAccessorImpl.java:43) ~[?:?]
	at java.lang.reflect.Method.invoke(Method.java:566) ~[?:?]
	at org.springframework.beans.factory.support.SimpleInstantiationStrategy.instantiate(SimpleInstantiationStrategy.java:154) ~[spring-beans-5.3.21.jar:5.3.21]
	at org.springframework.beans.factory.support.ConstructorResolver.instantiate(ConstructorResolver.java:653) ~[spring-beans-5.3.21.jar:5.3.21]
	at org.springframework.beans.factory.support.ConstructorResolver.instantiateUsingFactoryMethod(ConstructorResolver.java:638) ~[spring-beans-5.3.21.jar:5.3.21]
	at org.springframework.beans.factory.support.AbstractAutowireCapableBeanFactory.instantiateUsingFactoryMethod(AbstractAutowireCapableBeanFactory.java:1352) ~[spring-beans-5.3.21.jar:5.3.21]
	at org.springframework.beans.factory.support.AbstractAutowireCapableBeanFactory.createBeanInstance(AbstractAutowireCapableBeanFactory.java:1195) ~[spring-beans-5.3.21.jar:5.3.21]
	at org.springframework.beans.factory.support.AbstractAutowireCapableBeanFactory.doCreateBean(AbstractAutowireCapableBeanFactory.java:582) ~[spring-beans-5.3.21.jar:5.3.21]
	at org.springframework.beans.factory.support.AbstractAutowireCapableBeanFactory.createBean(AbstractAutowireCapableBeanFactory.java:542) ~[spring-beans-5.3.21.jar:5.3.21]
	at org.springframework.beans.factory.support.AbstractBeanFactory.lambda$doGetBean$0(AbstractBeanFactory.java:335) ~[spring-beans-5.3.21.jar:5.3.21]
	at org.springframework.beans.factory.support.DefaultSingletonBeanRegistry.getSingleton(DefaultSingletonBeanRegistry.java:234) ~[spring-beans-5.3.21.jar:5.3.21]
	at org.springframework.beans.factory.support.AbstractBeanFactory.doGetBean(AbstractBeanFactory.java:333) ~[spring-beans-5.3.21.jar:5.3.21]
	at org.springframework.beans.factory.support.AbstractBeanFactory.getBean(AbstractBeanFactory.java:208) ~[spring-beans-5.3.21.jar:5.3.21]
	at org.springframework.beans.factory.config.DependencyDescriptor.resolveCandidate(DependencyDescriptor.java:276) ~[spring-beans-5.3.21.jar:5.3.21]
	at org.springframework.beans.factory.support.DefaultListableBeanFactory.doResolveDependency(DefaultListableBeanFactory.java:1391) ~[spring-beans-5.3.21.jar:5.3.21]
	at org.springframework.beans.factory.support.DefaultListableBeanFactory.resolveDependency(DefaultListableBeanFactory.java:1311) ~[spring-beans-5.3.21.jar:5.3.21]
	at org.springframework.beans.factory.support.ConstructorResolver.resolveAutowiredArgument(ConstructorResolver.java:887) ~[spring-beans-5.3.21.jar:5.3.21]
	at org.springframework.beans.factory.support.ConstructorResolver.createArgumentArray(ConstructorResolver.java:791) ~[spring-beans-5.3.21.jar:5.3.21]
	... 21 more
Caused by: javax.naming.NoInitialContextException: Need to specify class name in environment or system property, or in an application resource file: java.naming.factory.initial
	at javax.naming.spi.NamingManager.getInitialContext(NamingManager.java:702) ~[?:?]
	at javax.naming.InitialContext.getDefaultInitCtx(InitialContext.java:305) ~[?:?]
	at javax.naming.InitialContext.getURLOrDefaultInitCtx(InitialContext.java:342) ~[?:?]
	at javax.naming.InitialContext.lookup(InitialContext.java:409) ~[?:?]
	at org.springframework.jndi.JndiTemplate.lambda$lookup$0(JndiTemplate.java:157) ~[spring-context-5.3.21.jar:5.3.21]
	at org.springframework.jndi.JndiTemplate.execute(JndiTemplate.java:92) ~[spring-context-5.3.21.jar:5.3.21]
	at org.springframework.jndi.JndiTemplate.lookup(JndiTemplate.java:157) ~[spring-context-5.3.21.jar:5.3.21]
	at org.springframework.jndi.JndiTemplate.lookup(JndiTemplate.java:179) ~[spring-context-5.3.21.jar:5.3.21]
	at org.springframework.jndi.JndiLocatorSupport.lookup(JndiLocatorSupport.java:96) ~[spring-context-5.3.21.jar:5.3.21]
	at org.springframework.jdbc.datasource.lookup.JndiDataSourceLookup.getDataSource(JndiDataSourceLookup.java:45) ~[spring-jdbc-5.3.21.jar:5.3.21]
	at org.springframework.boot.autoconfigure.jdbc.JndiDataSourceAutoConfiguration.dataSource(JndiDataSourceAutoConfiguration.java:52) ~[spring-boot-autoconfigure-2.7.1.jar:2.7.1]
	at jdk.internal.reflect.NativeMethodAccessorImpl.invoke0(Native Method) ~[?:?]
	at jdk.internal.reflect.NativeMethodAccessorImpl.invoke(NativeMethodAccessorImpl.java:62) ~[?:?]
	at jdk.internal.reflect.DelegatingMethodAccessorImpl.invoke(DelegatingMethodAccessorImpl.java:43) ~[?:?]
	at java.lang.reflect.Method.invoke(Method.java:566) ~[?:?]
	at org.springframework.beans.factory.support.SimpleInstantiationStrategy.instantiate(SimpleInstantiationStrategy.java:154) ~[spring-beans-5.3.21.jar:5.3.21]
	at org.springframework.beans.factory.support.ConstructorResolver.instantiate(ConstructorResolver.java:653) ~[spring-beans-5.3.21.jar:5.3.21]
	at org.springframework.beans.factory.support.ConstructorResolver.instantiateUsingFactoryMethod(ConstructorResolver.java:638) ~[spring-beans-5.3.21.jar:5.3.21]
	at org.springframework.beans.factory.support.AbstractAutowireCapableBeanFactory.instantiateUsingFactoryMethod(AbstractAutowireCapableBeanFactory.java:1352) ~[spring-beans-5.3.21.jar:5.3.21]
	at org.springframework.beans.factory.support.AbstractAutowireCapableBeanFactory.createBeanInstance(AbstractAutowireCapableBeanFactory.java:1195) ~[spring-beans-5.3.21.jar:5.3.21]
	at org.springframework.beans.factory.support.AbstractAutowireCapableBeanFactory.doCreateBean(AbstractAutowireCapableBeanFactory.java:582) ~[spring-beans-5.3.21.jar:5.3.21]
	at org.springframework.beans.factory.support.AbstractAutowireCapableBeanFactory.createBean(AbstractAutowireCapableBeanFactory.java:542) ~[spring-beans-5.3.21.jar:5.3.21]
	at org.springframework.beans.factory.support.AbstractBeanFactory.lambda$doGetBean$0(AbstractBeanFactory.java:335) ~[spring-beans-5.3.21.jar:5.3.21]
	at org.springframework.beans.factory.support.DefaultSingletonBeanRegistry.getSingleton(DefaultSingletonBeanRegistry.java:234) ~[spring-beans-5.3.21.jar:5.3.21]
	at org.springframework.beans.factory.support.AbstractBeanFactory.doGetBean(AbstractBeanFactory.java:333) ~[spring-beans-5.3.21.jar:5.3.21]
	at org.springframework.beans.factory.support.AbstractBeanFactory.getBean(AbstractBeanFactory.java:208) ~[spring-beans-5.3.21.jar:5.3.21]
	at org.springframework.beans.factory.config.DependencyDescriptor.resolveCandidate(DependencyDescriptor.java:276) ~[spring-beans-5.3.21.jar:5.3.21]
	at org.springframework.beans.factory.support.DefaultListableBeanFactory.doResolveDependency(DefaultListableBeanFactory.java:1391) ~[spring-beans-5.3.21.jar:5.3.21]
	at org.springframework.beans.factory.support.DefaultListableBeanFactory.resolveDependency(DefaultListableBeanFactory.java:1311) ~[spring-beans-5.3.21.jar:5.3.21]
	at org.springframework.beans.factory.support.ConstructorResolver.resolveAutowiredArgument(ConstructorResolver.java:887) ~[spring-beans-5.3.21.jar:5.3.21]
	at org.springframework.beans.factory.support.ConstructorResolver.createArgumentArray(ConstructorResolver.java:791) ~[spring-beans-5.3.21.jar:5.3.21]
	... 21 more
[INFO ] 2023-07-04 12:31:41.889 [background-preinit] validator.internal.util.Version - HV000001: Hibernate Validator 6.2.3.Final
[INFO ] 2023-07-04 12:31:41.985 [main] com.conexion.bd.BdApplication - Starting BdApplication using Java 11.0.16.1 on thinkpadL570 with PID 57783 (/home/thinkpad/Documentos/practicas/java/conexionBD/bd/target/classes started by thinkpad in /home/thinkpad/Documentos/practicas/java/conexionBD/bd)
[INFO ] 2023-07-04 12:31:41.992 [main] com.conexion.bd.BdApplication - No active profile set, falling back to 1 default profile: "default"
[INFO ] 2023-07-04 12:31:43.396 [main] data.repository.config.RepositoryConfigurationDelegate - Bootstrapping Spring Data JPA repositories in DEFAULT mode.
[INFO ] 2023-07-04 12:31:43.718 [main] data.repository.config.RepositoryConfigurationDelegate - Finished Spring Data repository scanning in 305 ms. Found 1 JPA repository interfaces.
[INFO ] 2023-07-04 12:31:44.156 [main] cloud.context.scope.GenericScope - BeanFactory id=6252dec5-0806-3715-a8fe-eb4d9fd6d81c
[INFO ] 2023-07-04 12:31:45.058 [main] web.embedded.tomcat.TomcatWebServer - Tomcat initialized with port(s): 8083 (http)
[INFO ] 2023-07-04 12:31:45.342 [main] web.servlet.context.ServletWebServerApplicationContext - Root WebApplicationContext: initialization completed in 3280 ms
[WARN ] 2023-07-04 12:31:45.524 [main] web.servlet.context.AnnotationConfigServletWebServerApplicationContext - Exception encountered during context initialization - cancelling refresh attempt: org.springframework.beans.factory.UnsatisfiedDependencyException: Error creating bean with name 'dataSourceScriptDatabaseInitializer' defined in class path resource [org/springframework/boot/autoconfigure/sql/init/DataSourceInitializationConfiguration.class]: Unsatisfied dependency expressed through method 'dataSourceScriptDatabaseInitializer' parameter 0; nested exception is org.springframework.beans.factory.BeanCreationException: Error creating bean with name 'dataSource' defined in class path resource [org/springframework/boot/autoconfigure/jdbc/JndiDataSourceAutoConfiguration.class]: Bean instantiation via factory method failed; nested exception is org.springframework.beans.BeanInstantiationException: Failed to instantiate [javax.sql.DataSource]: Factory method 'dataSource' threw exception; nested exception is org.springframework.jdbc.datasource.lookup.DataSourceLookupFailureException: Failed to look up JNDI DataSource with name 'java:jboss/datasources/PostgresDS'; nested exception is javax.naming.NoInitialContextException: Need to specify class name in environment or system property, or in an application resource file: java.naming.factory.initial
[INFO ] 2023-07-04 12:31:45.568 [main] boot.autoconfigure.logging.ConditionEvaluationReportLoggingListener - 

Error starting ApplicationContext. To display the conditions report re-run your application with 'debug' enabled.
[ERROR] 2023-07-04 12:31:45.604 [main] org.springframework.boot.SpringApplication - Application run failed
org.springframework.beans.factory.UnsatisfiedDependencyException: Error creating bean with name 'dataSourceScriptDatabaseInitializer' defined in class path resource [org/springframework/boot/autoconfigure/sql/init/DataSourceInitializationConfiguration.class]: Unsatisfied dependency expressed through method 'dataSourceScriptDatabaseInitializer' parameter 0; nested exception is org.springframework.beans.factory.BeanCreationException: Error creating bean with name 'dataSource' defined in class path resource [org/springframework/boot/autoconfigure/jdbc/JndiDataSourceAutoConfiguration.class]: Bean instantiation via factory method failed; nested exception is org.springframework.beans.BeanInstantiationException: Failed to instantiate [javax.sql.DataSource]: Factory method 'dataSource' threw exception; nested exception is org.springframework.jdbc.datasource.lookup.DataSourceLookupFailureException: Failed to look up JNDI DataSource with name 'java:jboss/datasources/PostgresDS'; nested exception is javax.naming.NoInitialContextException: Need to specify class name in environment or system property, or in an application resource file: java.naming.factory.initial
	at org.springframework.beans.factory.support.ConstructorResolver.createArgumentArray(ConstructorResolver.java:800) ~[spring-beans-5.3.21.jar:5.3.21]
	at org.springframework.beans.factory.support.ConstructorResolver.instantiateUsingFactoryMethod(ConstructorResolver.java:541) ~[spring-beans-5.3.21.jar:5.3.21]
	at org.springframework.beans.factory.support.AbstractAutowireCapableBeanFactory.instantiateUsingFactoryMethod(AbstractAutowireCapableBeanFactory.java:1352) ~[spring-beans-5.3.21.jar:5.3.21]
	at org.springframework.beans.factory.support.AbstractAutowireCapableBeanFactory.createBeanInstance(AbstractAutowireCapableBeanFactory.java:1195) ~[spring-beans-5.3.21.jar:5.3.21]
	at org.springframework.beans.factory.support.AbstractAutowireCapableBeanFactory.doCreateBean(AbstractAutowireCapableBeanFactory.java:582) ~[spring-beans-5.3.21.jar:5.3.21]
	at org.springframework.beans.factory.support.AbstractAutowireCapableBeanFactory.createBean(AbstractAutowireCapableBeanFactory.java:542) ~[spring-beans-5.3.21.jar:5.3.21]
	at org.springframework.beans.factory.support.AbstractBeanFactory.lambda$doGetBean$0(AbstractBeanFactory.java:335) ~[spring-beans-5.3.21.jar:5.3.21]
	at org.springframework.beans.factory.support.DefaultSingletonBeanRegistry.getSingleton(DefaultSingletonBeanRegistry.java:234) ~[spring-beans-5.3.21.jar:5.3.21]
	at org.springframework.beans.factory.support.AbstractBeanFactory.doGetBean(AbstractBeanFactory.java:333) ~[spring-beans-5.3.21.jar:5.3.21]
	at org.springframework.beans.factory.support.AbstractBeanFactory.getBean(AbstractBeanFactory.java:208) ~[spring-beans-5.3.21.jar:5.3.21]
	at org.springframework.beans.factory.support.AbstractBeanFactory.doGetBean(AbstractBeanFactory.java:322) ~[spring-beans-5.3.21.jar:5.3.21]
	at org.springframework.beans.factory.support.AbstractBeanFactory.getBean(AbstractBeanFactory.java:208) ~[spring-beans-5.3.21.jar:5.3.21]
	at org.springframework.context.support.AbstractApplicationContext.getBean(AbstractApplicationContext.java:1154) ~[spring-context-5.3.21.jar:5.3.21]
	at org.springframework.context.support.AbstractApplicationContext.finishBeanFactoryInitialization(AbstractApplicationContext.java:908) ~[spring-context-5.3.21.jar:5.3.21]
	at org.springframework.context.support.AbstractApplicationContext.refresh(AbstractApplicationContext.java:583) ~[spring-context-5.3.21.jar:5.3.21]
	at org.springframework.boot.web.servlet.context.ServletWebServerApplicationContext.refresh(ServletWebServerApplicationContext.java:147) ~[spring-boot-2.7.1.jar:2.7.1]
	at org.springframework.boot.SpringApplication.refresh(SpringApplication.java:734) ~[spring-boot-2.7.1.jar:2.7.1]
	at org.springframework.boot.SpringApplication.refreshContext(SpringApplication.java:408) ~[spring-boot-2.7.1.jar:2.7.1]
	at org.springframework.boot.SpringApplication.run(SpringApplication.java:308) ~[spring-boot-2.7.1.jar:2.7.1]
	at org.springframework.boot.SpringApplication.run(SpringApplication.java:1306) ~[spring-boot-2.7.1.jar:2.7.1]
	at org.springframework.boot.SpringApplication.run(SpringApplication.java:1295) ~[spring-boot-2.7.1.jar:2.7.1]
	at com.conexion.bd.BdApplication.main(BdApplication.java:10) ~[classes/:?]
Caused by: org.springframework.beans.factory.BeanCreationException: Error creating bean with name 'dataSource' defined in class path resource [org/springframework/boot/autoconfigure/jdbc/JndiDataSourceAutoConfiguration.class]: Bean instantiation via factory method failed; nested exception is org.springframework.beans.BeanInstantiationException: Failed to instantiate [javax.sql.DataSource]: Factory method 'dataSource' threw exception; nested exception is org.springframework.jdbc.datasource.lookup.DataSourceLookupFailureException: Failed to look up JNDI DataSource with name 'java:jboss/datasources/PostgresDS'; nested exception is javax.naming.NoInitialContextException: Need to specify class name in environment or system property, or in an application resource file: java.naming.factory.initial
	at org.springframework.beans.factory.support.ConstructorResolver.instantiate(ConstructorResolver.java:658) ~[spring-beans-5.3.21.jar:5.3.21]
	at org.springframework.beans.factory.support.ConstructorResolver.instantiateUsingFactoryMethod(ConstructorResolver.java:638) ~[spring-beans-5.3.21.jar:5.3.21]
	at org.springframework.beans.factory.support.AbstractAutowireCapableBeanFactory.instantiateUsingFactoryMethod(AbstractAutowireCapableBeanFactory.java:1352) ~[spring-beans-5.3.21.jar:5.3.21]
	at org.springframework.beans.factory.support.AbstractAutowireCapableBeanFactory.createBeanInstance(AbstractAutowireCapableBeanFactory.java:1195) ~[spring-beans-5.3.21.jar:5.3.21]
	at org.springframework.beans.factory.support.AbstractAutowireCapableBeanFactory.doCreateBean(AbstractAutowireCapableBeanFactory.java:582) ~[spring-beans-5.3.21.jar:5.3.21]
	at org.springframework.beans.factory.support.AbstractAutowireCapableBeanFactory.createBean(AbstractAutowireCapableBeanFactory.java:542) ~[spring-beans-5.3.21.jar:5.3.21]
	at org.springframework.beans.factory.support.AbstractBeanFactory.lambda$doGetBean$0(AbstractBeanFactory.java:335) ~[spring-beans-5.3.21.jar:5.3.21]
	at org.springframework.beans.factory.support.DefaultSingletonBeanRegistry.getSingleton(DefaultSingletonBeanRegistry.java:234) ~[spring-beans-5.3.21.jar:5.3.21]
	at org.springframework.beans.factory.support.AbstractBeanFactory.doGetBean(AbstractBeanFactory.java:333) ~[spring-beans-5.3.21.jar:5.3.21]
	at org.springframework.beans.factory.support.AbstractBeanFactory.getBean(AbstractBeanFactory.java:208) ~[spring-beans-5.3.21.jar:5.3.21]
	at org.springframework.beans.factory.config.DependencyDescriptor.resolveCandidate(DependencyDescriptor.java:276) ~[spring-beans-5.3.21.jar:5.3.21]
	at org.springframework.beans.factory.support.DefaultListableBeanFactory.doResolveDependency(DefaultListableBeanFactory.java:1391) ~[spring-beans-5.3.21.jar:5.3.21]
	at org.springframework.beans.factory.support.DefaultListableBeanFactory.resolveDependency(DefaultListableBeanFactory.java:1311) ~[spring-beans-5.3.21.jar:5.3.21]
	at org.springframework.beans.factory.support.ConstructorResolver.resolveAutowiredArgument(ConstructorResolver.java:887) ~[spring-beans-5.3.21.jar:5.3.21]
	at org.springframework.beans.factory.support.ConstructorResolver.createArgumentArray(ConstructorResolver.java:791) ~[spring-beans-5.3.21.jar:5.3.21]
	... 21 more
Caused by: org.springframework.beans.BeanInstantiationException: Failed to instantiate [javax.sql.DataSource]: Factory method 'dataSource' threw exception; nested exception is org.springframework.jdbc.datasource.lookup.DataSourceLookupFailureException: Failed to look up JNDI DataSource with name 'java:jboss/datasources/PostgresDS'; nested exception is javax.naming.NoInitialContextException: Need to specify class name in environment or system property, or in an application resource file: java.naming.factory.initial
	at org.springframework.beans.factory.support.SimpleInstantiationStrategy.instantiate(SimpleInstantiationStrategy.java:185) ~[spring-beans-5.3.21.jar:5.3.21]
	at org.springframework.beans.factory.support.ConstructorResolver.instantiate(ConstructorResolver.java:653) ~[spring-beans-5.3.21.jar:5.3.21]
	at org.springframework.beans.factory.support.ConstructorResolver.instantiateUsingFactoryMethod(ConstructorResolver.java:638) ~[spring-beans-5.3.21.jar:5.3.21]
	at org.springframework.beans.factory.support.AbstractAutowireCapableBeanFactory.instantiateUsingFactoryMethod(AbstractAutowireCapableBeanFactory.java:1352) ~[spring-beans-5.3.21.jar:5.3.21]
	at org.springframework.beans.factory.support.AbstractAutowireCapableBeanFactory.createBeanInstance(AbstractAutowireCapableBeanFactory.java:1195) ~[spring-beans-5.3.21.jar:5.3.21]
	at org.springframework.beans.factory.support.AbstractAutowireCapableBeanFactory.doCreateBean(AbstractAutowireCapableBeanFactory.java:582) ~[spring-beans-5.3.21.jar:5.3.21]
	at org.springframework.beans.factory.support.AbstractAutowireCapableBeanFactory.createBean(AbstractAutowireCapableBeanFactory.java:542) ~[spring-beans-5.3.21.jar:5.3.21]
	at org.springframework.beans.factory.support.AbstractBeanFactory.lambda$doGetBean$0(AbstractBeanFactory.java:335) ~[spring-beans-5.3.21.jar:5.3.21]
	at org.springframework.beans.factory.support.DefaultSingletonBeanRegistry.getSingleton(DefaultSingletonBeanRegistry.java:234) ~[spring-beans-5.3.21.jar:5.3.21]
	at org.springframework.beans.factory.support.AbstractBeanFactory.doGetBean(AbstractBeanFactory.java:333) ~[spring-beans-5.3.21.jar:5.3.21]
	at org.springframework.beans.factory.support.AbstractBeanFactory.getBean(AbstractBeanFactory.java:208) ~[spring-beans-5.3.21.jar:5.3.21]
	at org.springframework.beans.factory.config.DependencyDescriptor.resolveCandidate(DependencyDescriptor.java:276) ~[spring-beans-5.3.21.jar:5.3.21]
	at org.springframework.beans.factory.support.DefaultListableBeanFactory.doResolveDependency(DefaultListableBeanFactory.java:1391) ~[spring-beans-5.3.21.jar:5.3.21]
	at org.springframework.beans.factory.support.DefaultListableBeanFactory.resolveDependency(DefaultListableBeanFactory.java:1311) ~[spring-beans-5.3.21.jar:5.3.21]
	at org.springframework.beans.factory.support.ConstructorResolver.resolveAutowiredArgument(ConstructorResolver.java:887) ~[spring-beans-5.3.21.jar:5.3.21]
	at org.springframework.beans.factory.support.ConstructorResolver.createArgumentArray(ConstructorResolver.java:791) ~[spring-beans-5.3.21.jar:5.3.21]
	... 21 more
Caused by: org.springframework.jdbc.datasource.lookup.DataSourceLookupFailureException: Failed to look up JNDI DataSource with name 'java:jboss/datasources/PostgresDS'; nested exception is javax.naming.NoInitialContextException: Need to specify class name in environment or system property, or in an application resource file: java.naming.factory.initial
	at org.springframework.jdbc.datasource.lookup.JndiDataSourceLookup.getDataSource(JndiDataSourceLookup.java:48) ~[spring-jdbc-5.3.21.jar:5.3.21]
	at org.springframework.boot.autoconfigure.jdbc.JndiDataSourceAutoConfiguration.dataSource(JndiDataSourceAutoConfiguration.java:52) ~[spring-boot-autoconfigure-2.7.1.jar:2.7.1]
	at jdk.internal.reflect.NativeMethodAccessorImpl.invoke0(Native Method) ~[?:?]
	at jdk.internal.reflect.NativeMethodAccessorImpl.invoke(NativeMethodAccessorImpl.java:62) ~[?:?]
	at jdk.internal.reflect.DelegatingMethodAccessorImpl.invoke(DelegatingMethodAccessorImpl.java:43) ~[?:?]
	at java.lang.reflect.Method.invoke(Method.java:566) ~[?:?]
	at org.springframework.beans.factory.support.SimpleInstantiationStrategy.instantiate(SimpleInstantiationStrategy.java:154) ~[spring-beans-5.3.21.jar:5.3.21]
	at org.springframework.beans.factory.support.ConstructorResolver.instantiate(ConstructorResolver.java:653) ~[spring-beans-5.3.21.jar:5.3.21]
	at org.springframework.beans.factory.support.ConstructorResolver.instantiateUsingFactoryMethod(ConstructorResolver.java:638) ~[spring-beans-5.3.21.jar:5.3.21]
	at org.springframework.beans.factory.support.AbstractAutowireCapableBeanFactory.instantiateUsingFactoryMethod(AbstractAutowireCapableBeanFactory.java:1352) ~[spring-beans-5.3.21.jar:5.3.21]
	at org.springframework.beans.factory.support.AbstractAutowireCapableBeanFactory.createBeanInstance(AbstractAutowireCapableBeanFactory.java:1195) ~[spring-beans-5.3.21.jar:5.3.21]
	at org.springframework.beans.factory.support.AbstractAutowireCapableBeanFactory.doCreateBean(AbstractAutowireCapableBeanFactory.java:582) ~[spring-beans-5.3.21.jar:5.3.21]
	at org.springframework.beans.factory.support.AbstractAutowireCapableBeanFactory.createBean(AbstractAutowireCapableBeanFactory.java:542) ~[spring-beans-5.3.21.jar:5.3.21]
	at org.springframework.beans.factory.support.AbstractBeanFactory.lambda$doGetBean$0(AbstractBeanFactory.java:335) ~[spring-beans-5.3.21.jar:5.3.21]
	at org.springframework.beans.factory.support.DefaultSingletonBeanRegistry.getSingleton(DefaultSingletonBeanRegistry.java:234) ~[spring-beans-5.3.21.jar:5.3.21]
	at org.springframework.beans.factory.support.AbstractBeanFactory.doGetBean(AbstractBeanFactory.java:333) ~[spring-beans-5.3.21.jar:5.3.21]
	at org.springframework.beans.factory.support.AbstractBeanFactory.getBean(AbstractBeanFactory.java:208) ~[spring-beans-5.3.21.jar:5.3.21]
	at org.springframework.beans.factory.config.DependencyDescriptor.resolveCandidate(DependencyDescriptor.java:276) ~[spring-beans-5.3.21.jar:5.3.21]
	at org.springframework.beans.factory.support.DefaultListableBeanFactory.doResolveDependency(DefaultListableBeanFactory.java:1391) ~[spring-beans-5.3.21.jar:5.3.21]
	at org.springframework.beans.factory.support.DefaultListableBeanFactory.resolveDependency(DefaultListableBeanFactory.java:1311) ~[spring-beans-5.3.21.jar:5.3.21]
	at org.springframework.beans.factory.support.ConstructorResolver.resolveAutowiredArgument(ConstructorResolver.java:887) ~[spring-beans-5.3.21.jar:5.3.21]
	at org.springframework.beans.factory.support.ConstructorResolver.createArgumentArray(ConstructorResolver.java:791) ~[spring-beans-5.3.21.jar:5.3.21]
	... 21 more
Caused by: javax.naming.NoInitialContextException: Need to specify class name in environment or system property, or in an application resource file: java.naming.factory.initial
	at javax.naming.spi.NamingManager.getInitialContext(NamingManager.java:702) ~[?:?]
	at javax.naming.InitialContext.getDefaultInitCtx(InitialContext.java:305) ~[?:?]
	at javax.naming.InitialContext.getURLOrDefaultInitCtx(InitialContext.java:342) ~[?:?]
	at javax.naming.InitialContext.lookup(InitialContext.java:409) ~[?:?]
	at org.springframework.jndi.JndiTemplate.lambda$lookup$0(JndiTemplate.java:157) ~[spring-context-5.3.21.jar:5.3.21]
	at org.springframework.jndi.JndiTemplate.execute(JndiTemplate.java:92) ~[spring-context-5.3.21.jar:5.3.21]
	at org.springframework.jndi.JndiTemplate.lookup(JndiTemplate.java:157) ~[spring-context-5.3.21.jar:5.3.21]
	at org.springframework.jndi.JndiTemplate.lookup(JndiTemplate.java:179) ~[spring-context-5.3.21.jar:5.3.21]
	at org.springframework.jndi.JndiLocatorSupport.lookup(JndiLocatorSupport.java:96) ~[spring-context-5.3.21.jar:5.3.21]
	at org.springframework.jdbc.datasource.lookup.JndiDataSourceLookup.getDataSource(JndiDataSourceLookup.java:45) ~[spring-jdbc-5.3.21.jar:5.3.21]
	at org.springframework.boot.autoconfigure.jdbc.JndiDataSourceAutoConfiguration.dataSource(JndiDataSourceAutoConfiguration.java:52) ~[spring-boot-autoconfigure-2.7.1.jar:2.7.1]
	at jdk.internal.reflect.NativeMethodAccessorImpl.invoke0(Native Method) ~[?:?]
	at jdk.internal.reflect.NativeMethodAccessorImpl.invoke(NativeMethodAccessorImpl.java:62) ~[?:?]
	at jdk.internal.reflect.DelegatingMethodAccessorImpl.invoke(DelegatingMethodAccessorImpl.java:43) ~[?:?]
	at java.lang.reflect.Method.invoke(Method.java:566) ~[?:?]
	at org.springframework.beans.factory.support.SimpleInstantiationStrategy.instantiate(SimpleInstantiationStrategy.java:154) ~[spring-beans-5.3.21.jar:5.3.21]
	at org.springframework.beans.factory.support.ConstructorResolver.instantiate(ConstructorResolver.java:653) ~[spring-beans-5.3.21.jar:5.3.21]
	at org.springframework.beans.factory.support.ConstructorResolver.instantiateUsingFactoryMethod(ConstructorResolver.java:638) ~[spring-beans-5.3.21.jar:5.3.21]
	at org.springframework.beans.factory.support.AbstractAutowireCapableBeanFactory.instantiateUsingFactoryMethod(AbstractAutowireCapableBeanFactory.java:1352) ~[spring-beans-5.3.21.jar:5.3.21]
	at org.springframework.beans.factory.support.AbstractAutowireCapableBeanFactory.createBeanInstance(AbstractAutowireCapableBeanFactory.java:1195) ~[spring-beans-5.3.21.jar:5.3.21]
	at org.springframework.beans.factory.support.AbstractAutowireCapableBeanFactory.doCreateBean(AbstractAutowireCapableBeanFactory.java:582) ~[spring-beans-5.3.21.jar:5.3.21]
	at org.springframework.beans.factory.support.AbstractAutowireCapableBeanFactory.createBean(AbstractAutowireCapableBeanFactory.java:542) ~[spring-beans-5.3.21.jar:5.3.21]
	at org.springframework.beans.factory.support.AbstractBeanFactory.lambda$doGetBean$0(AbstractBeanFactory.java:335) ~[spring-beans-5.3.21.jar:5.3.21]
	at org.springframework.beans.factory.support.DefaultSingletonBeanRegistry.getSingleton(DefaultSingletonBeanRegistry.java:234) ~[spring-beans-5.3.21.jar:5.3.21]
	at org.springframework.beans.factory.support.AbstractBeanFactory.doGetBean(AbstractBeanFactory.java:333) ~[spring-beans-5.3.21.jar:5.3.21]
	at org.springframework.beans.factory.support.AbstractBeanFactory.getBean(AbstractBeanFactory.java:208) ~[spring-beans-5.3.21.jar:5.3.21]
	at org.springframework.beans.factory.config.DependencyDescriptor.resolveCandidate(DependencyDescriptor.java:276) ~[spring-beans-5.3.21.jar:5.3.21]
	at org.springframework.beans.factory.support.DefaultListableBeanFactory.doResolveDependency(DefaultListableBeanFactory.java:1391) ~[spring-beans-5.3.21.jar:5.3.21]
	at org.springframework.beans.factory.support.DefaultListableBeanFactory.resolveDependency(DefaultListableBeanFactory.java:1311) ~[spring-beans-5.3.21.jar:5.3.21]
	at org.springframework.beans.factory.support.ConstructorResolver.resolveAutowiredArgument(ConstructorResolver.java:887) ~[spring-beans-5.3.21.jar:5.3.21]
	at org.springframework.beans.factory.support.ConstructorResolver.createArgumentArray(ConstructorResolver.java:791) ~[spring-beans-5.3.21.jar:5.3.21]
	... 21 more
[INFO ] 2023-07-04 14:21:18.774 [background-preinit] validator.internal.util.Version - HV000001: Hibernate Validator 6.2.3.Final
[INFO ] 2023-07-04 14:21:18.859 [main] com.conexion.bd.BdApplication - Starting BdApplication using Java 11.0.16.1 on thinkpadL570 with PID 31667 (/home/thinkpad/Documentos/practicas/java/conexionBD/bd/target/classes started by thinkpad in /home/thinkpad/Documentos/practicas/java/conexionBD/bd)
[INFO ] 2023-07-04 14:21:18.885 [main] com.conexion.bd.BdApplication - No active profile set, falling back to 1 default profile: "default"
[INFO ] 2023-07-04 14:21:20.564 [main] data.repository.config.RepositoryConfigurationDelegate - Bootstrapping Spring Data JPA repositories in DEFAULT mode.
[INFO ] 2023-07-04 14:21:20.794 [main] data.repository.config.RepositoryConfigurationDelegate - Finished Spring Data repository scanning in 216 ms. Found 1 JPA repository interfaces.
[INFO ] 2023-07-04 14:21:21.314 [main] cloud.context.scope.GenericScope - BeanFactory id=0f678bc7-859e-3f90-83da-45c26cce6908
[INFO ] 2023-07-04 14:21:23.321 [main] web.embedded.tomcat.TomcatWebServer - Tomcat initialized with port(s): 8083 (http)
[INFO ] 2023-07-04 14:21:23.929 [main] web.servlet.context.ServletWebServerApplicationContext - Root WebApplicationContext: initialization completed in 4922 ms
[INFO ] 2023-07-04 14:21:24.481 [main] jpa.internal.util.LogHelper - HHH000204: Processing PersistenceUnitInfo [name: default]
[INFO ] 2023-07-04 14:21:24.570 [main] org.hibernate.Version - HHH000412: Hibernate ORM core version 5.6.9.Final
[INFO ] 2023-07-04 14:21:24.826 [main] hibernate.annotations.common.Version - HCANN000001: Hibernate Commons Annotations {5.1.2.Final}
[INFO ] 2023-07-04 14:21:24.976 [main] org.hibernate.dialect.Dialect - HHH000400: Using dialect: org.hibernate.dialect.PostgreSQLDialect
[INFO ] 2023-07-04 14:21:25.642 [main] jta.platform.internal.JtaPlatformInitiator - HHH000490: Using JtaPlatform implementation: [org.hibernate.engine.transaction.jta.platform.internal.NoJtaPlatform]
[INFO ] 2023-07-04 14:21:25.659 [main] springframework.orm.jpa.LocalContainerEntityManagerFactoryBean - Initialized JPA EntityManagerFactory for persistence unit 'default'
[WARN ] 2023-07-04 14:21:26.516 [main] autoconfigure.orm.jpa.JpaBaseConfiguration$JpaWebConfiguration - spring.jpa.open-in-view is enabled by default. Therefore, database queries may be performed during view rendering. Explicitly configure spring.jpa.open-in-view to disable this warning
[INFO ] 2023-07-04 14:21:30.675 [main] netflix.eureka.config.DiscoveryClientOptionalArgsConfiguration - Eureka HTTP Client uses Jersey
[WARN ] 2023-07-04 14:21:31.004 [main] cloud.loadbalancer.config.LoadBalancerCacheAutoConfiguration$LoadBalancerCaffeineWarnLogger - Spring Cloud LoadBalancer is currently working with the default cache. While this cache implementation is useful for development and tests, it's recommended to use Caffeine cache in production.You can switch to using Caffeine cache, by adding it and org.springframework.cache.caffeine.CaffeineCacheManager to the classpath.
[INFO ] 2023-07-04 14:21:31.048 [main] cloud.netflix.eureka.InstanceInfoFactory - Setting initial instance status as: STARTING
[INFO ] 2023-07-04 14:21:33.196 [main] netflix.eureka.serviceregistry.EurekaServiceRegistry - Registering application UNKNOWN with eureka with status UP
[INFO ] 2023-07-04 14:21:33.391 [main] web.embedded.tomcat.TomcatWebServer - Tomcat started on port(s): 8083 (http) with context path ''
[INFO ] 2023-07-04 14:21:33.392 [main] netflix.eureka.serviceregistry.EurekaAutoServiceRegistration - Updating port to 8083
[INFO ] 2023-07-04 14:21:33.484 [main] com.conexion.bd.BdApplication - Started BdApplication in 16.225 seconds (JVM running for 22.423)
[INFO ] 2023-07-04 14:25:09.182 [SpringApplicationShutdownHook] netflix.eureka.serviceregistry.EurekaServiceRegistry - Unregistering application UNKNOWN with eureka with status DOWN
[INFO ] 2023-07-04 14:25:09.299 [SpringApplicationShutdownHook] springframework.orm.jpa.LocalContainerEntityManagerFactoryBean - Closing JPA EntityManagerFactory for persistence unit 'default'
[INFO ] 2023-07-04 14:25:16.428 [background-preinit] validator.internal.util.Version - HV000001: Hibernate Validator 6.2.5.Final
[INFO ] 2023-07-04 14:25:16.530 [main] com.conexion.bd.BdApplication - Starting BdApplication using Java 11.0.16.1 on thinkpadL570 with PID 33183 (/home/thinkpad/Documentos/practicas/java/conexionBD/bd/target/classes started by thinkpad in /home/thinkpad/Documentos/practicas/java/conexionBD/bd)
[INFO ] 2023-07-04 14:25:16.537 [main] com.conexion.bd.BdApplication - No active profile set, falling back to 1 default profile: "default"
[INFO ] 2023-07-04 14:25:18.310 [main] data.repository.config.RepositoryConfigurationDelegate - Bootstrapping Spring Data JPA repositories in DEFAULT mode.
[INFO ] 2023-07-04 14:25:18.606 [main] data.repository.config.RepositoryConfigurationDelegate - Finished Spring Data repository scanning in 282 ms. Found 1 JPA repository interfaces.
[INFO ] 2023-07-04 14:25:19.035 [main] cloud.context.scope.GenericScope - BeanFactory id=03f9fcf4-b288-31b0-a8eb-51665b04caf3
[INFO ] 2023-07-04 14:25:20.114 [main] web.embedded.tomcat.TomcatWebServer - Tomcat initialized with port(s): 8083 (http)
[INFO ] 2023-07-04 14:25:20.501 [main] web.servlet.context.ServletWebServerApplicationContext - Root WebApplicationContext: initialization completed in 3856 ms
[INFO ] 2023-07-04 14:25:20.881 [main] jpa.internal.util.LogHelper - HHH000204: Processing PersistenceUnitInfo [name: default]
[INFO ] 2023-07-04 14:25:20.945 [main] org.hibernate.Version - HHH000412: Hibernate ORM core version 5.6.15.Final
[INFO ] 2023-07-04 14:25:21.172 [main] hibernate.annotations.common.Version - HCANN000001: Hibernate Commons Annotations {5.1.2.Final}
[INFO ] 2023-07-04 14:25:21.317 [main] org.hibernate.dialect.Dialect - HHH000400: Using dialect: org.hibernate.dialect.PostgreSQLDialect
[INFO ] 2023-07-04 14:25:21.986 [main] jta.platform.internal.JtaPlatformInitiator - HHH000490: Using JtaPlatform implementation: [org.hibernate.engine.transaction.jta.platform.internal.NoJtaPlatform]
[INFO ] 2023-07-04 14:25:22.002 [main] springframework.orm.jpa.LocalContainerEntityManagerFactoryBean - Initialized JPA EntityManagerFactory for persistence unit 'default'
[WARN ] 2023-07-04 14:25:23.231 [main] autoconfigure.orm.jpa.JpaBaseConfiguration$JpaWebConfiguration - spring.jpa.open-in-view is enabled by default. Therefore, database queries may be performed during view rendering. Explicitly configure spring.jpa.open-in-view to disable this warning
[INFO ] 2023-07-04 14:25:26.105 [main] netflix.eureka.config.DiscoveryClientOptionalArgsConfiguration - Eureka HTTP Client uses Jersey
[WARN ] 2023-07-04 14:25:26.401 [main] cloud.loadbalancer.config.LoadBalancerCacheAutoConfiguration$LoadBalancerCaffeineWarnLogger - Spring Cloud LoadBalancer is currently working with the default cache. While this cache implementation is useful for development and tests, it's recommended to use Caffeine cache in production.You can switch to using Caffeine cache, by adding it and org.springframework.cache.caffeine.CaffeineCacheManager to the classpath.
[INFO ] 2023-07-04 14:25:26.436 [main] cloud.netflix.eureka.InstanceInfoFactory - Setting initial instance status as: STARTING
[INFO ] 2023-07-04 14:25:28.096 [main] netflix.eureka.serviceregistry.EurekaServiceRegistry - Registering application UNKNOWN with eureka with status UP
[INFO ] 2023-07-04 14:25:28.199 [main] web.embedded.tomcat.TomcatWebServer - Tomcat started on port(s): 8083 (http) with context path ''
[INFO ] 2023-07-04 14:25:28.201 [main] netflix.eureka.serviceregistry.EurekaAutoServiceRegistration - Updating port to 8083
[INFO ] 2023-07-04 14:25:28.256 [main] com.conexion.bd.BdApplication - Started BdApplication in 12.825 seconds (JVM running for 15.085)
[INFO ] 2023-07-04 14:27:14.985 [SpringApplicationShutdownHook] netflix.eureka.serviceregistry.EurekaServiceRegistry - Unregistering application UNKNOWN with eureka with status DOWN
[INFO ] 2023-07-04 14:27:15.028 [SpringApplicationShutdownHook] springframework.orm.jpa.LocalContainerEntityManagerFactoryBean - Closing JPA EntityManagerFactory for persistence unit 'default'
